\BOOKMARK [0][-]{chapter.1}{\376\377\0001\000\040\000H\000i\000e\000r\000a\000r\000c\000h\000i\000c\000a\000l\000\040\000I\000n\000d\000e\000x}{}% 1
\BOOKMARK [1][-]{section.1.1}{\376\377\0001\000.\0001\000\040\000C\000l\000a\000s\000s\000\040\000H\000i\000e\000r\000a\000r\000c\000h\000y}{chapter.1}% 2
\BOOKMARK [0][-]{chapter.2}{\376\377\0002\000\040\000C\000l\000a\000s\000s\000\040\000I\000n\000d\000e\000x}{}% 3
\BOOKMARK [1][-]{section.2.1}{\376\377\0002\000.\0001\000\040\000C\000l\000a\000s\000s\000\040\000L\000i\000s\000t}{chapter.2}% 4
\BOOKMARK [0][-]{chapter.3}{\376\377\0003\000\040\000F\000i\000l\000e\000\040\000I\000n\000d\000e\000x}{}% 5
\BOOKMARK [1][-]{section.3.1}{\376\377\0003\000.\0001\000\040\000F\000i\000l\000e\000\040\000L\000i\000s\000t}{chapter.3}% 6
\BOOKMARK [0][-]{chapter.4}{\376\377\0004\000\040\000C\000l\000a\000s\000s\000\040\000D\000o\000c\000u\000m\000e\000n\000t\000a\000t\000i\000o\000n}{}% 7
\BOOKMARK [1][-]{section.4.1}{\376\377\0004\000.\0001\000\040\000A\000d\000d\000\040\000C\000l\000a\000s\000s\000\040\000R\000e\000f\000e\000r\000e\000n\000c\000e}{chapter.4}% 8
\BOOKMARK [2][-]{subsection.4.1.1}{\376\377\0004\000.\0001\000.\0001\000\040\000C\000o\000n\000s\000t\000r\000u\000c\000t\000o\000r\000\040\000\046\000\040\000D\000e\000s\000t\000r\000u\000c\000t\000o\000r\000\040\000D\000o\000c\000u\000m\000e\000n\000t\000a\000t\000i\000o\000n}{section.4.1}% 9
\BOOKMARK [3][-]{subsubsection.4.1.1.1}{\376\377\0004\000.\0001\000.\0001\000.\0001\000\040\000A\000d\000d\000\050\000\051}{subsection.4.1.1}% 10
\BOOKMARK [2][-]{subsection.4.1.2}{\376\377\0004\000.\0001\000.\0002\000\040\000M\000e\000m\000b\000e\000r\000\040\000F\000u\000n\000c\000t\000i\000o\000n\000\040\000D\000o\000c\000u\000m\000e\000n\000t\000a\000t\000i\000o\000n}{section.4.1}% 11
\BOOKMARK [3][-]{subsubsection.4.1.2.1}{\376\377\0004\000.\0001\000.\0002\000.\0001\000\040\000e\000q\000u\000a\000l\000s\000\050\000\051}{subsection.4.1.2}% 12
\BOOKMARK [3][-]{subsubsection.4.1.2.2}{\376\377\0004\000.\0001\000.\0002\000.\0002\000\040\000h\000a\000s\000\137\000v\000a\000r\000i\000a\000b\000l\000e\000\050\000\051}{subsection.4.1.2}% 13
\BOOKMARK [3][-]{subsubsection.4.1.2.3}{\376\377\0004\000.\0001\000.\0002\000.\0003\000\040\000i\000n\000t\000e\000r\000p\000\050\000\051}{subsection.4.1.2}% 14
\BOOKMARK [3][-]{subsubsection.4.1.2.4}{\376\377\0004\000.\0001\000.\0002\000.\0004\000\040\000p\000r\000e\000t\000t\000y\000\137\000p\000r\000i\000n\000t\000\137\000a\000t\000\050\000\051}{subsection.4.1.2}% 15
\BOOKMARK [3][-]{subsubsection.4.1.2.5}{\376\377\0004\000.\0001\000.\0002\000.\0005\000\040\000p\000r\000i\000n\000t\000\050\000\051}{subsection.4.1.2}% 16
\BOOKMARK [3][-]{subsubsection.4.1.2.6}{\376\377\0004\000.\0001\000.\0002\000.\0006\000\040\000s\000u\000b\000s\000t\000\050\000\051}{subsection.4.1.2}% 17
\BOOKMARK [1][-]{section.4.2}{\376\377\0004\000.\0002\000\040\000C\000a\000t\000c\000h\000:\000:\000a\000l\000w\000a\000y\000s\000\137\000f\000a\000l\000s\000e\000<\000\040\000T\000\040\000>\000\040\000S\000t\000r\000u\000c\000t\000\040\000T\000e\000m\000p\000l\000a\000t\000e\000\040\000R\000e\000f\000e\000r\000e\000n\000c\000e}{chapter.4}% 18
\BOOKMARK [1][-]{section.4.3}{\376\377\0004\000.\0003\000\040\000C\000a\000t\000c\000h\000:\000:\000D\000e\000t\000a\000i\000l\000:\000:\000A\000p\000p\000r\000o\000x\000\040\000C\000l\000a\000s\000s\000\040\000R\000e\000f\000e\000r\000e\000n\000c\000e}{chapter.4}% 19
\BOOKMARK [1][-]{section.4.4}{\376\377\0004\000.\0004\000\040\000C\000a\000t\000c\000h\000:\000:\000M\000a\000t\000c\000h\000e\000r\000s\000:\000:\000V\000e\000c\000t\000o\000r\000:\000:\000A\000p\000p\000r\000o\000x\000M\000a\000t\000c\000h\000e\000r\000<\000\040\000T\000,\000\040\000A\000l\000l\000o\000c\000C\000o\000m\000p\000,\000\040\000A\000l\000l\000o\000c\000M\000a\000t\000c\000h\000\040\000>\000\040\000S\000t\000r\000u\000c\000t\000\040\000T\000e\000m\000p\000l\000a\000t\000e\000\040\000R\000e\000f\000e\000r\000e\000n\000c\000e}{chapter.4}% 20
\BOOKMARK [2][-]{subsection.4.4.1}{\376\377\0004\000.\0004\000.\0001\000\040\000M\000e\000m\000b\000e\000r\000\040\000F\000u\000n\000c\000t\000i\000o\000n\000\040\000D\000o\000c\000u\000m\000e\000n\000t\000a\000t\000i\000o\000n}{section.4.4}% 21
\BOOKMARK [3][-]{subsubsection.4.4.1.1}{\376\377\0004\000.\0004\000.\0001\000.\0001\000\040\000d\000e\000s\000c\000r\000i\000b\000e\000\050\000\051}{subsection.4.4.1}% 22
\BOOKMARK [1][-]{section.4.5}{\376\377\0004\000.\0005\000\040\000C\000a\000t\000c\000h\000:\000:\000G\000e\000n\000e\000r\000a\000t\000o\000r\000s\000:\000:\000a\000s\000<\000\040\000T\000\040\000>\000\040\000S\000t\000r\000u\000c\000t\000\040\000T\000e\000m\000p\000l\000a\000t\000e\000\040\000R\000e\000f\000e\000r\000e\000n\000c\000e}{chapter.4}% 23
\BOOKMARK [1][-]{section.4.6}{\376\377\0004\000.\0006\000\040\000C\000a\000t\000c\000h\000:\000:\000A\000s\000s\000e\000r\000t\000i\000o\000n\000H\000a\000n\000d\000l\000e\000r\000\040\000C\000l\000a\000s\000s\000\040\000R\000e\000f\000e\000r\000e\000n\000c\000e}{chapter.4}% 24
\BOOKMARK [1][-]{section.4.7}{\376\377\0004\000.\0007\000\040\000C\000a\000t\000c\000h\000:\000:\000A\000s\000s\000e\000r\000t\000i\000o\000n\000I\000n\000f\000o\000\040\000S\000t\000r\000u\000c\000t\000\040\000R\000e\000f\000e\000r\000e\000n\000c\000e}{chapter.4}% 25
\BOOKMARK [1][-]{section.4.8}{\376\377\0004\000.\0008\000\040\000C\000a\000t\000c\000h\000:\000:\000A\000s\000s\000e\000r\000t\000i\000o\000n\000R\000e\000a\000c\000t\000i\000o\000n\000\040\000S\000t\000r\000u\000c\000t\000\040\000R\000e\000f\000e\000r\000e\000n\000c\000e}{chapter.4}% 26
\BOOKMARK [1][-]{section.4.9}{\376\377\0004\000.\0009\000\040\000C\000a\000t\000c\000h\000:\000:\000A\000u\000t\000o\000R\000e\000g\000\040\000S\000t\000r\000u\000c\000t\000\040\000R\000e\000f\000e\000r\000e\000n\000c\000e}{chapter.4}% 27
\BOOKMARK [1][-]{section.4.10}{\376\377\0004\000.\0001\0000\000\040\000C\000a\000t\000c\000h\000:\000:\000B\000i\000n\000a\000r\000y\000E\000x\000p\000r\000<\000\040\000L\000h\000s\000T\000,\000\040\000R\000h\000s\000T\000\040\000>\000\040\000C\000l\000a\000s\000s\000\040\000T\000e\000m\000p\000l\000a\000t\000e\000\040\000R\000e\000f\000e\000r\000e\000n\000c\000e}{chapter.4}% 28
\BOOKMARK [1][-]{section.4.11}{\376\377\0004\000.\0001\0001\000\040\000C\000a\000t\000c\000h\000:\000:\000C\000a\000p\000t\000u\000r\000e\000r\000\040\000C\000l\000a\000s\000s\000\040\000R\000e\000f\000e\000r\000e\000n\000c\000e}{chapter.4}% 29
\BOOKMARK [1][-]{section.4.12}{\376\377\0004\000.\0001\0002\000\040\000C\000a\000t\000c\000h\000:\000:\000M\000a\000t\000c\000h\000e\000r\000s\000:\000:\000S\000t\000d\000S\000t\000r\000i\000n\000g\000:\000:\000C\000a\000s\000e\000d\000S\000t\000r\000i\000n\000g\000\040\000S\000t\000r\000u\000c\000t\000\040\000R\000e\000f\000e\000r\000e\000n\000c\000e}{chapter.4}% 30
\BOOKMARK [1][-]{section.4.13}{\376\377\0004\000.\0001\0003\000\040\000C\000a\000t\000c\000h\000:\000:\000C\000a\000s\000e\000S\000e\000n\000s\000i\000t\000i\000v\000e\000\040\000S\000t\000r\000u\000c\000t\000\040\000R\000e\000f\000e\000r\000e\000n\000c\000e}{chapter.4}% 31
\BOOKMARK [1][-]{section.4.14}{\376\377\0004\000.\0001\0004\000\040\000C\000a\000t\000c\000h\000\137\000g\000l\000o\000b\000a\000l\000\137\000n\000a\000m\000e\000s\000p\000a\000c\000e\000\137\000d\000u\000m\000m\000y\000\040\000S\000t\000r\000u\000c\000t\000\040\000R\000e\000f\000e\000r\000e\000n\000c\000e}{chapter.4}% 32
\BOOKMARK [1][-]{section.4.15}{\376\377\0004\000.\0001\0005\000\040\000C\000a\000t\000c\000h\000:\000:\000G\000e\000n\000e\000r\000a\000t\000o\000r\000s\000:\000:\000C\000h\000u\000n\000k\000G\000e\000n\000e\000r\000a\000t\000o\000r\000<\000\040\000T\000\040\000>\000\040\000C\000l\000a\000s\000s\000\040\000T\000e\000m\000p\000l\000a\000t\000e\000\040\000R\000e\000f\000e\000r\000e\000n\000c\000e}{chapter.4}% 33
\BOOKMARK [2][-]{subsection.4.15.1}{\376\377\0004\000.\0001\0005\000.\0001\000\040\000M\000e\000m\000b\000e\000r\000\040\000F\000u\000n\000c\000t\000i\000o\000n\000\040\000D\000o\000c\000u\000m\000e\000n\000t\000a\000t\000i\000o\000n}{section.4.15}% 34
\BOOKMARK [3][-]{subsubsection.4.15.1.1}{\376\377\0004\000.\0001\0005\000.\0001\000.\0001\000\040\000g\000e\000t\000\050\000\051}{subsection.4.15.1}% 35
\BOOKMARK [3][-]{subsubsection.4.15.1.2}{\376\377\0004\000.\0001\0005\000.\0001\000.\0002\000\040\000n\000e\000x\000t\000\050\000\051}{subsection.4.15.1}% 36
\BOOKMARK [1][-]{section.4.16}{\376\377\0004\000.\0001\0006\000\040\000C\000a\000t\000c\000h\000:\000:\000M\000a\000t\000c\000h\000e\000r\000s\000:\000:\000V\000e\000c\000t\000o\000r\000:\000:\000C\000o\000n\000t\000a\000i\000n\000s\000E\000l\000e\000m\000e\000n\000t\000M\000a\000t\000c\000h\000e\000r\000<\000\040\000T\000,\000\040\000A\000l\000l\000o\000c\000\040\000>\000\040\000S\000t\000r\000u\000c\000t\000\040\000T\000e\000m\000p\000l\000a\000t\000e\000\040\000R\000e\000f\000e\000r\000e\000n\000c\000e}{chapter.4}% 37
\BOOKMARK [2][-]{subsection.4.16.1}{\376\377\0004\000.\0001\0006\000.\0001\000\040\000M\000e\000m\000b\000e\000r\000\040\000F\000u\000n\000c\000t\000i\000o\000n\000\040\000D\000o\000c\000u\000m\000e\000n\000t\000a\000t\000i\000o\000n}{section.4.16}% 38
\BOOKMARK [3][-]{subsubsection.4.16.1.1}{\376\377\0004\000.\0001\0006\000.\0001\000.\0001\000\040\000d\000e\000s\000c\000r\000i\000b\000e\000\050\000\051}{subsection.4.16.1}% 39
\BOOKMARK [1][-]{section.4.17}{\376\377\0004\000.\0001\0007\000\040\000C\000a\000t\000c\000h\000:\000:\000M\000a\000t\000c\000h\000e\000r\000s\000:\000:\000S\000t\000d\000S\000t\000r\000i\000n\000g\000:\000:\000C\000o\000n\000t\000a\000i\000n\000s\000M\000a\000t\000c\000h\000e\000r\000\040\000S\000t\000r\000u\000c\000t\000\040\000R\000e\000f\000e\000r\000e\000n\000c\000e}{chapter.4}% 40
\BOOKMARK [1][-]{section.4.18}{\376\377\0004\000.\0001\0008\000\040\000C\000a\000t\000c\000h\000:\000:\000M\000a\000t\000c\000h\000e\000r\000s\000:\000:\000V\000e\000c\000t\000o\000r\000:\000:\000C\000o\000n\000t\000a\000i\000n\000s\000M\000a\000t\000c\000h\000e\000r\000<\000\040\000T\000,\000\040\000A\000l\000l\000o\000c\000C\000o\000m\000p\000,\000\040\000A\000l\000l\000o\000c\000M\000a\000t\000c\000h\000\040\000>\000\040\000S\000t\000r\000u\000c\000t\000\040\000T\000e\000m\000p\000l\000a\000t\000e\000\040\000R\000e\000f\000e\000r\000e\000n\000c\000e}{chapter.4}% 41
\BOOKMARK [2][-]{subsection.4.18.1}{\376\377\0004\000.\0001\0008\000.\0001\000\040\000M\000e\000m\000b\000e\000r\000\040\000F\000u\000n\000c\000t\000i\000o\000n\000\040\000D\000o\000c\000u\000m\000e\000n\000t\000a\000t\000i\000o\000n}{section.4.18}% 42
\BOOKMARK [3][-]{subsubsection.4.18.1.1}{\376\377\0004\000.\0001\0008\000.\0001\000.\0001\000\040\000d\000e\000s\000c\000r\000i\000b\000e\000\050\000\051}{subsection.4.18.1}% 43
\BOOKMARK [1][-]{section.4.19}{\376\377\0004\000.\0001\0009\000\040\000C\000a\000t\000c\000h\000:\000:\000C\000o\000u\000n\000t\000s\000\040\000S\000t\000r\000u\000c\000t\000\040\000R\000e\000f\000e\000r\000e\000n\000c\000e}{chapter.4}% 44
\BOOKMARK [1][-]{section.4.20}{\376\377\0004\000.\0002\0000\000\040\000C\000a\000t\000c\000h\000:\000:\000D\000e\000c\000o\000m\000p\000o\000s\000e\000r\000\040\000S\000t\000r\000u\000c\000t\000\040\000R\000e\000f\000e\000r\000e\000n\000c\000e}{chapter.4}% 45
\BOOKMARK [1][-]{section.4.21}{\376\377\0004\000.\0002\0001\000\040\000C\000a\000t\000c\000h\000:\000:\000M\000a\000t\000c\000h\000e\000r\000s\000:\000:\000S\000t\000d\000S\000t\000r\000i\000n\000g\000:\000:\000E\000n\000d\000s\000W\000i\000t\000h\000M\000a\000t\000c\000h\000e\000r\000\040\000S\000t\000r\000u\000c\000t\000\040\000R\000e\000f\000e\000r\000e\000n\000c\000e}{chapter.4}% 46
\BOOKMARK [1][-]{section.4.22}{\376\377\0004\000.\0002\0002\000\040\000C\000a\000t\000c\000h\000:\000:\000D\000e\000t\000a\000i\000l\000:\000:\000E\000n\000u\000m\000I\000n\000f\000o\000\040\000S\000t\000r\000u\000c\000t\000\040\000R\000e\000f\000e\000r\000e\000n\000c\000e}{chapter.4}% 47
\BOOKMARK [1][-]{section.4.23}{\376\377\0004\000.\0002\0003\000\040\000C\000a\000t\000c\000h\000:\000:\000M\000a\000t\000c\000h\000e\000r\000s\000:\000:\000S\000t\000d\000S\000t\000r\000i\000n\000g\000:\000:\000E\000q\000u\000a\000l\000s\000M\000a\000t\000c\000h\000e\000r\000\040\000S\000t\000r\000u\000c\000t\000\040\000R\000e\000f\000e\000r\000e\000n\000c\000e}{chapter.4}% 48
\BOOKMARK [1][-]{section.4.24}{\376\377\0004\000.\0002\0004\000\040\000C\000a\000t\000c\000h\000:\000:\000M\000a\000t\000c\000h\000e\000r\000s\000:\000:\000V\000e\000c\000t\000o\000r\000:\000:\000E\000q\000u\000a\000l\000s\000M\000a\000t\000c\000h\000e\000r\000<\000\040\000T\000,\000\040\000A\000l\000l\000o\000c\000C\000o\000m\000p\000,\000\040\000A\000l\000l\000o\000c\000M\000a\000t\000c\000h\000\040\000>\000\040\000S\000t\000r\000u\000c\000t\000\040\000T\000e\000m\000p\000l\000a\000t\000e\000\040\000R\000e\000f\000e\000r\000e\000n\000c\000e}{chapter.4}% 49
\BOOKMARK [2][-]{subsection.4.24.1}{\376\377\0004\000.\0002\0004\000.\0001\000\040\000M\000e\000m\000b\000e\000r\000\040\000F\000u\000n\000c\000t\000i\000o\000n\000\040\000D\000o\000c\000u\000m\000e\000n\000t\000a\000t\000i\000o\000n}{section.4.24}% 50
\BOOKMARK [3][-]{subsubsection.4.24.1.1}{\376\377\0004\000.\0002\0004\000.\0001\000.\0001\000\040\000d\000e\000s\000c\000r\000i\000b\000e\000\050\000\051}{subsection.4.24.1}% 51
\BOOKMARK [1][-]{section.4.25}{\376\377\0004\000.\0002\0005\000\040\000C\000a\000t\000c\000h\000:\000:\000M\000a\000t\000c\000h\000e\000r\000s\000:\000:\000E\000x\000c\000e\000p\000t\000i\000o\000n\000:\000:\000E\000x\000c\000e\000p\000t\000i\000o\000n\000M\000e\000s\000s\000a\000g\000e\000M\000a\000t\000c\000h\000e\000r\000\040\000C\000l\000a\000s\000s\000\040\000R\000e\000f\000e\000r\000e\000n\000c\000e}{chapter.4}% 52
\BOOKMARK [2][-]{subsection.4.25.1}{\376\377\0004\000.\0002\0005\000.\0001\000\040\000M\000e\000m\000b\000e\000r\000\040\000F\000u\000n\000c\000t\000i\000o\000n\000\040\000D\000o\000c\000u\000m\000e\000n\000t\000a\000t\000i\000o\000n}{section.4.25}% 53
\BOOKMARK [3][-]{subsubsection.4.25.1.1}{\376\377\0004\000.\0002\0005\000.\0001\000.\0001\000\040\000d\000e\000s\000c\000r\000i\000b\000e\000\050\000\051}{subsection.4.25.1}% 54
\BOOKMARK [1][-]{section.4.26}{\376\377\0004\000.\0002\0006\000\040\000C\000a\000t\000c\000h\000:\000:\000E\000x\000c\000e\000p\000t\000i\000o\000n\000T\000r\000a\000n\000s\000l\000a\000t\000o\000r\000R\000e\000g\000i\000s\000t\000r\000a\000r\000\040\000C\000l\000a\000s\000s\000\040\000R\000e\000f\000e\000r\000e\000n\000c\000e}{chapter.4}% 55
\BOOKMARK [1][-]{section.4.27}{\376\377\0004\000.\0002\0007\000\040\000E\000x\000p\000r\000\040\000C\000l\000a\000s\000s\000\040\000R\000e\000f\000e\000r\000e\000n\000c\000e}{chapter.4}% 56
\BOOKMARK [2][-]{subsection.4.27.1}{\376\377\0004\000.\0002\0007\000.\0001\000\040\000M\000e\000m\000b\000e\000r\000\040\000F\000u\000n\000c\000t\000i\000o\000n\000\040\000D\000o\000c\000u\000m\000e\000n\000t\000a\000t\000i\000o\000n}{section.4.27}% 57
\BOOKMARK [3][-]{subsubsection.4.27.1.1}{\376\377\0004\000.\0002\0007\000.\0001\000.\0001\000\040\000e\000q\000u\000a\000l\000s\000\050\000\051}{subsection.4.27.1}% 58
\BOOKMARK [3][-]{subsubsection.4.27.1.2}{\376\377\0004\000.\0002\0007\000.\0001\000.\0002\000\040\000h\000a\000s\000\137\000v\000a\000r\000i\000a\000b\000l\000e\000\050\000\051}{subsection.4.27.1}% 59
\BOOKMARK [3][-]{subsubsection.4.27.1.3}{\376\377\0004\000.\0002\0007\000.\0001\000.\0003\000\040\000i\000n\000t\000e\000r\000p\000\050\000\051}{subsection.4.27.1}% 60
\BOOKMARK [3][-]{subsubsection.4.27.1.4}{\376\377\0004\000.\0002\0007\000.\0001\000.\0004\000\040\000p\000r\000e\000t\000t\000y\000\137\000p\000r\000i\000n\000t\000\137\000a\000t\000\050\000\051}{subsection.4.27.1}% 61
\BOOKMARK [3][-]{subsubsection.4.27.1.5}{\376\377\0004\000.\0002\0007\000.\0001\000.\0005\000\040\000p\000r\000i\000n\000t\000\050\000\051}{subsection.4.27.1}% 62
\BOOKMARK [3][-]{subsubsection.4.27.1.6}{\376\377\0004\000.\0002\0007\000.\0001\000.\0006\000\040\000s\000u\000b\000s\000t\000\050\000\051}{subsection.4.27.1}% 63
\BOOKMARK [1][-]{section.4.28}{\376\377\0004\000.\0002\0008\000\040\000C\000a\000t\000c\000h\000:\000:\000E\000x\000p\000r\000L\000h\000s\000<\000\040\000L\000h\000s\000T\000\040\000>\000\040\000C\000l\000a\000s\000s\000\040\000T\000e\000m\000p\000l\000a\000t\000e\000\040\000R\000e\000f\000e\000r\000e\000n\000c\000e}{chapter.4}% 64
\BOOKMARK [1][-]{section.4.29}{\376\377\0004\000.\0002\0009\000\040\000C\000a\000t\000c\000h\000:\000:\000G\000e\000n\000e\000r\000a\000t\000o\000r\000s\000:\000:\000F\000i\000l\000t\000e\000r\000G\000e\000n\000e\000r\000a\000t\000o\000r\000<\000\040\000T\000,\000\040\000P\000r\000e\000d\000i\000c\000a\000t\000e\000\040\000>\000\040\000C\000l\000a\000s\000s\000\040\000T\000e\000m\000p\000l\000a\000t\000e\000\040\000R\000e\000f\000e\000r\000e\000n\000c\000e}{chapter.4}% 65
\BOOKMARK [2][-]{subsection.4.29.1}{\376\377\0004\000.\0002\0009\000.\0001\000\040\000M\000e\000m\000b\000e\000r\000\040\000F\000u\000n\000c\000t\000i\000o\000n\000\040\000D\000o\000c\000u\000m\000e\000n\000t\000a\000t\000i\000o\000n}{section.4.29}% 66
\BOOKMARK [3][-]{subsubsection.4.29.1.1}{\376\377\0004\000.\0002\0009\000.\0001\000.\0001\000\040\000g\000e\000t\000\050\000\051}{subsection.4.29.1}% 67
\BOOKMARK [3][-]{subsubsection.4.29.1.2}{\376\377\0004\000.\0002\0009\000.\0001\000.\0002\000\040\000n\000e\000x\000t\000\050\000\051}{subsection.4.29.1}% 68
\BOOKMARK [1][-]{section.4.30}{\376\377\0004\000.\0003\0000\000\040\000C\000a\000t\000c\000h\000:\000:\000G\000e\000n\000e\000r\000a\000t\000o\000r\000s\000:\000:\000F\000i\000x\000e\000d\000V\000a\000l\000u\000e\000s\000G\000e\000n\000e\000r\000a\000t\000o\000r\000<\000\040\000T\000\040\000>\000\040\000C\000l\000a\000s\000s\000\040\000T\000e\000m\000p\000l\000a\000t\000e\000\040\000R\000e\000f\000e\000r\000e\000n\000c\000e}{chapter.4}% 69
\BOOKMARK [2][-]{subsection.4.30.1}{\376\377\0004\000.\0003\0000\000.\0001\000\040\000M\000e\000m\000b\000e\000r\000\040\000F\000u\000n\000c\000t\000i\000o\000n\000\040\000D\000o\000c\000u\000m\000e\000n\000t\000a\000t\000i\000o\000n}{section.4.30}% 70
\BOOKMARK [3][-]{subsubsection.4.30.1.1}{\376\377\0004\000.\0003\0000\000.\0001\000.\0001\000\040\000g\000e\000t\000\050\000\051}{subsection.4.30.1}% 71
\BOOKMARK [3][-]{subsubsection.4.30.1.2}{\376\377\0004\000.\0003\0000\000.\0001\000.\0002\000\040\000n\000e\000x\000t\000\050\000\051}{subsection.4.30.1}% 72
\BOOKMARK [1][-]{section.4.31}{\376\377\0004\000.\0003\0001\000\040\000C\000a\000t\000c\000h\000:\000:\000G\000e\000n\000e\000r\000a\000t\000o\000r\000E\000x\000c\000e\000p\000t\000i\000o\000n\000\040\000C\000l\000a\000s\000s\000\040\000R\000e\000f\000e\000r\000e\000n\000c\000e}{chapter.4}% 73
\BOOKMARK [1][-]{section.4.32}{\376\377\0004\000.\0003\0002\000\040\000C\000a\000t\000c\000h\000:\000:\000G\000e\000n\000e\000r\000a\000t\000o\000r\000s\000:\000:\000G\000e\000n\000e\000r\000a\000t\000o\000r\000s\000<\000\040\000T\000\040\000>\000\040\000C\000l\000a\000s\000s\000\040\000T\000e\000m\000p\000l\000a\000t\000e\000\040\000R\000e\000f\000e\000r\000e\000n\000c\000e}{chapter.4}% 74
\BOOKMARK [2][-]{subsection.4.32.1}{\376\377\0004\000.\0003\0002\000.\0001\000\040\000M\000e\000m\000b\000e\000r\000\040\000F\000u\000n\000c\000t\000i\000o\000n\000\040\000D\000o\000c\000u\000m\000e\000n\000t\000a\000t\000i\000o\000n}{section.4.32}% 75
\BOOKMARK [3][-]{subsubsection.4.32.1.1}{\376\377\0004\000.\0003\0002\000.\0001\000.\0001\000\040\000g\000e\000t\000\050\000\051}{subsection.4.32.1}% 76
\BOOKMARK [3][-]{subsubsection.4.32.1.2}{\376\377\0004\000.\0003\0002\000.\0001\000.\0002\000\040\000n\000e\000x\000t\000\050\000\051}{subsection.4.32.1}% 77
\BOOKMARK [1][-]{section.4.33}{\376\377\0004\000.\0003\0003\000\040\000C\000a\000t\000c\000h\000:\000:\000G\000e\000n\000e\000r\000a\000t\000o\000r\000s\000:\000:\000G\000e\000n\000e\000r\000a\000t\000o\000r\000U\000n\000t\000y\000p\000e\000d\000B\000a\000s\000e\000\040\000C\000l\000a\000s\000s\000\040\000R\000e\000f\000e\000r\000e\000n\000c\000e}{chapter.4}% 78
\BOOKMARK [1][-]{section.4.34}{\376\377\0004\000.\0003\0004\000\040\000C\000a\000t\000c\000h\000:\000:\000G\000e\000n\000e\000r\000a\000t\000o\000r\000s\000:\000:\000G\000e\000n\000e\000r\000a\000t\000o\000r\000W\000r\000a\000p\000p\000e\000r\000<\000\040\000T\000\040\000>\000\040\000C\000l\000a\000s\000s\000\040\000T\000e\000m\000p\000l\000a\000t\000e\000\040\000R\000e\000f\000e\000r\000e\000n\000c\000e}{chapter.4}% 79
\BOOKMARK [1][-]{section.4.35}{\376\377\0004\000.\0003\0005\000\040\000C\000a\000t\000c\000h\000:\000:\000I\000C\000o\000n\000f\000i\000g\000\040\000S\000t\000r\000u\000c\000t\000\040\000R\000e\000f\000e\000r\000e\000n\000c\000e}{chapter.4}% 80
\BOOKMARK [1][-]{section.4.36}{\376\377\0004\000.\0003\0006\000\040\000C\000a\000t\000c\000h\000:\000:\000I\000C\000o\000n\000t\000e\000x\000t\000\040\000S\000t\000r\000u\000c\000t\000\040\000R\000e\000f\000e\000r\000e\000n\000c\000e}{chapter.4}% 81
\BOOKMARK [1][-]{section.4.37}{\376\377\0004\000.\0003\0007\000\040\000C\000a\000t\000c\000h\000:\000:\000I\000E\000x\000c\000e\000p\000t\000i\000o\000n\000T\000r\000a\000n\000s\000l\000a\000t\000o\000r\000\040\000S\000t\000r\000u\000c\000t\000\040\000R\000e\000f\000e\000r\000e\000n\000c\000e}{chapter.4}% 82
\BOOKMARK [1][-]{section.4.38}{\376\377\0004\000.\0003\0008\000\040\000C\000a\000t\000c\000h\000:\000:\000I\000E\000x\000c\000e\000p\000t\000i\000o\000n\000T\000r\000a\000n\000s\000l\000a\000t\000o\000r\000R\000e\000g\000i\000s\000t\000r\000y\000\040\000S\000t\000r\000u\000c\000t\000\040\000R\000e\000f\000e\000r\000e\000n\000c\000e}{chapter.4}% 83
\BOOKMARK [1][-]{section.4.39}{\376\377\0004\000.\0003\0009\000\040\000C\000a\000t\000c\000h\000:\000:\000G\000e\000n\000e\000r\000a\000t\000o\000r\000s\000:\000:\000I\000G\000e\000n\000e\000r\000a\000t\000o\000r\000<\000\040\000T\000\040\000>\000\040\000S\000t\000r\000u\000c\000t\000\040\000T\000e\000m\000p\000l\000a\000t\000e\000\040\000R\000e\000f\000e\000r\000e\000n\000c\000e}{chapter.4}% 84
\BOOKMARK [1][-]{section.4.40}{\376\377\0004\000.\0004\0000\000\040\000C\000a\000t\000c\000h\000:\000:\000I\000G\000e\000n\000e\000r\000a\000t\000o\000r\000T\000r\000a\000c\000k\000e\000r\000\040\000S\000t\000r\000u\000c\000t\000\040\000R\000e\000f\000e\000r\000e\000n\000c\000e}{chapter.4}% 85
\BOOKMARK [1][-]{section.4.41}{\376\377\0004\000.\0004\0001\000\040\000C\000a\000t\000c\000h\000:\000:\000I\000M\000u\000t\000a\000b\000l\000e\000C\000o\000n\000t\000e\000x\000t\000\040\000S\000t\000r\000u\000c\000t\000\040\000R\000e\000f\000e\000r\000e\000n\000c\000e}{chapter.4}% 86
\BOOKMARK [1][-]{section.4.42}{\376\377\0004\000.\0004\0002\000\040\000C\000a\000t\000c\000h\000:\000:\000I\000M\000u\000t\000a\000b\000l\000e\000E\000n\000u\000m\000V\000a\000l\000u\000e\000s\000R\000e\000g\000i\000s\000t\000r\000y\000\040\000S\000t\000r\000u\000c\000t\000\040\000R\000e\000f\000e\000r\000e\000n\000c\000e}{chapter.4}% 87
\BOOKMARK [1][-]{section.4.43}{\376\377\0004\000.\0004\0003\000\040\000C\000a\000t\000c\000h\000:\000:\000I\000M\000u\000t\000a\000b\000l\000e\000R\000e\000g\000i\000s\000t\000r\000y\000H\000u\000b\000\040\000S\000t\000r\000u\000c\000t\000\040\000R\000e\000f\000e\000r\000e\000n\000c\000e}{chapter.4}% 88
\BOOKMARK [1][-]{section.4.44}{\376\377\0004\000.\0004\0004\000\040\000C\000a\000t\000c\000h\000:\000:\000I\000R\000e\000g\000i\000s\000t\000r\000y\000H\000u\000b\000\040\000S\000t\000r\000u\000c\000t\000\040\000R\000e\000f\000e\000r\000e\000n\000c\000e}{chapter.4}% 89
\BOOKMARK [1][-]{section.4.45}{\376\377\0004\000.\0004\0005\000\040\000C\000a\000t\000c\000h\000:\000:\000I\000R\000e\000s\000u\000l\000t\000C\000a\000p\000t\000u\000r\000e\000\040\000S\000t\000r\000u\000c\000t\000\040\000R\000e\000f\000e\000r\000e\000n\000c\000e}{chapter.4}% 90
\BOOKMARK [1][-]{section.4.46}{\376\377\0004\000.\0004\0006\000\040\000C\000a\000t\000c\000h\000:\000:\000I\000R\000u\000n\000n\000e\000r\000\040\000S\000t\000r\000u\000c\000t\000\040\000R\000e\000f\000e\000r\000e\000n\000c\000e}{chapter.4}% 91
\BOOKMARK [1][-]{section.4.47}{\376\377\0004\000.\0004\0007\000\040\000C\000a\000t\000c\000h\000:\000:\000i\000s\000\137\000c\000a\000l\000l\000a\000b\000l\000e\000<\000\040\000T\000\040\000>\000\040\000S\000t\000r\000u\000c\000t\000\040\000T\000e\000m\000p\000l\000a\000t\000e\000\040\000R\000e\000f\000e\000r\000e\000n\000c\000e}{chapter.4}% 92
\BOOKMARK [1][-]{section.4.48}{\376\377\0004\000.\0004\0008\000\040\000C\000a\000t\000c\000h\000:\000:\000i\000s\000\137\000c\000a\000l\000l\000a\000b\000l\000e\000<\000\040\000F\000u\000n\000\050\000A\000r\000g\000s\000.\000.\000.\000\051\000>\000\040\000S\000t\000r\000u\000c\000t\000\040\000T\000e\000m\000p\000l\000a\000t\000e\000\040\000R\000e\000f\000e\000r\000e\000n\000c\000e}{chapter.4}% 93
\BOOKMARK [1][-]{section.4.49}{\376\377\0004\000.\0004\0009\000\040\000C\000a\000t\000c\000h\000:\000:\000i\000s\000\137\000c\000a\000l\000l\000a\000b\000l\000e\000\137\000t\000e\000s\000t\000e\000r\000\040\000S\000t\000r\000u\000c\000t\000\040\000R\000e\000f\000e\000r\000e\000n\000c\000e}{chapter.4}% 94
\BOOKMARK [1][-]{section.4.50}{\376\377\0004\000.\0005\0000\000\040\000C\000a\000t\000c\000h\000:\000:\000i\000s\000\137\000r\000a\000n\000g\000e\000<\000\040\000T\000\040\000>\000\040\000S\000t\000r\000u\000c\000t\000\040\000T\000e\000m\000p\000l\000a\000t\000e\000\040\000R\000e\000f\000e\000r\000e\000n\000c\000e}{chapter.4}% 95
\BOOKMARK [1][-]{section.4.51}{\376\377\0004\000.\0005\0001\000\040\000C\000a\000t\000c\000h\000:\000:\000d\000e\000t\000a\000i\000l\000:\000:\000i\000s\000\137\000r\000a\000n\000g\000e\000\137\000i\000m\000p\000l\000<\000\040\000T\000,\000\040\000t\000y\000p\000e\000n\000a\000m\000e\000\040\000>\000\040\000S\000t\000r\000u\000c\000t\000\040\000T\000e\000m\000p\000l\000a\000t\000e\000\040\000R\000e\000f\000e\000r\000e\000n\000c\000e}{chapter.4}% 96
\BOOKMARK [1][-]{section.4.52}{\376\377\0004\000.\0005\0002\000\040\000C\000a\000t\000c\000h\000:\000:\000d\000e\000t\000a\000i\000l\000:\000:\000i\000s\000\137\000r\000a\000n\000g\000e\000\137\000i\000m\000p\000l\000<\000\040\000T\000,\000\040\000t\000y\000p\000e\000n\000a\000m\000e\000\040\000v\000o\000i\000d\000\137\000t\000y\000p\000e\000<\000\040\000d\000e\000c\000l\000t\000y\000p\000e\000\050\000b\000e\000g\000i\000n\000\050\000s\000t\000d\000:\000:\000d\000e\000c\000l\000v\000a\000l\000<\000\040\000T\000\040\000>\000\050\000\051\000\051\000\051\000>\000:\000:\000t\000y\000p\000e\000\040\000>\000\040\000S\000t\000r\000u\000c\000t\000\040\000T\000e\000m\000p\000l\000a\000t\000e\000\040\000R\000e\000f\000e\000r\000e\000n\000c\000e}{chapter.4}% 97
\BOOKMARK [1][-]{section.4.53}{\376\377\0004\000.\0005\0003\000\040\000C\000a\000t\000c\000h\000:\000:\000D\000e\000t\000a\000i\000l\000:\000:\000I\000s\000S\000t\000r\000e\000a\000m\000I\000n\000s\000e\000r\000t\000a\000b\000l\000e\000<\000\040\000T\000\040\000>\000\040\000C\000l\000a\000s\000s\000\040\000T\000e\000m\000p\000l\000a\000t\000e\000\040\000R\000e\000f\000e\000r\000e\000n\000c\000e}{chapter.4}% 98
\BOOKMARK [1][-]{section.4.54}{\376\377\0004\000.\0005\0004\000\040\000C\000a\000t\000c\000h\000:\000:\000I\000S\000t\000r\000e\000a\000m\000\040\000S\000t\000r\000u\000c\000t\000\040\000R\000e\000f\000e\000r\000e\000n\000c\000e}{chapter.4}% 99
\BOOKMARK [1][-]{section.4.55}{\376\377\0004\000.\0005\0005\000\040\000C\000a\000t\000c\000h\000:\000:\000G\000e\000n\000e\000r\000a\000t\000o\000r\000s\000:\000:\000I\000t\000e\000r\000a\000t\000o\000r\000G\000e\000n\000e\000r\000a\000t\000o\000r\000<\000\040\000T\000\040\000>\000\040\000C\000l\000a\000s\000s\000\040\000T\000e\000m\000p\000l\000a\000t\000e\000\040\000R\000e\000f\000e\000r\000e\000n\000c\000e}{chapter.4}% 100
\BOOKMARK [2][-]{subsection.4.55.1}{\376\377\0004\000.\0005\0005\000.\0001\000\040\000M\000e\000m\000b\000e\000r\000\040\000F\000u\000n\000c\000t\000i\000o\000n\000\040\000D\000o\000c\000u\000m\000e\000n\000t\000a\000t\000i\000o\000n}{section.4.55}% 101
\BOOKMARK [3][-]{subsubsection.4.55.1.1}{\376\377\0004\000.\0005\0005\000.\0001\000.\0001\000\040\000g\000e\000t\000\050\000\051}{subsection.4.55.1}% 102
\BOOKMARK [3][-]{subsubsection.4.55.1.2}{\376\377\0004\000.\0005\0005\000.\0001\000.\0002\000\040\000n\000e\000x\000t\000\050\000\051}{subsection.4.55.1}% 103
\BOOKMARK [1][-]{section.4.56}{\376\377\0004\000.\0005\0006\000\040\000C\000a\000t\000c\000h\000:\000:\000I\000T\000e\000s\000t\000C\000a\000s\000e\000R\000e\000g\000i\000s\000t\000r\000y\000\040\000S\000t\000r\000u\000c\000t\000\040\000R\000e\000f\000e\000r\000e\000n\000c\000e}{chapter.4}% 104
\BOOKMARK [1][-]{section.4.57}{\376\377\0004\000.\0005\0007\000\040\000C\000a\000t\000c\000h\000:\000:\000I\000T\000e\000s\000t\000I\000n\000v\000o\000k\000e\000r\000\040\000S\000t\000r\000u\000c\000t\000\040\000R\000e\000f\000e\000r\000e\000n\000c\000e}{chapter.4}% 105
\BOOKMARK [1][-]{section.4.58}{\376\377\0004\000.\0005\0008\000\040\000C\000a\000t\000c\000h\000:\000:\000I\000T\000r\000a\000n\000s\000i\000e\000n\000t\000E\000x\000p\000r\000e\000s\000s\000i\000o\000n\000\040\000S\000t\000r\000u\000c\000t\000\040\000R\000e\000f\000e\000r\000e\000n\000c\000e}{chapter.4}% 106
\BOOKMARK [1][-]{section.4.59}{\376\377\0004\000.\0005\0009\000\040\000C\000a\000t\000c\000h\000:\000:\000L\000a\000z\000y\000E\000x\000p\000r\000e\000s\000s\000i\000o\000n\000\040\000C\000l\000a\000s\000s\000\040\000R\000e\000f\000e\000r\000e\000n\000c\000e}{chapter.4}% 107
\BOOKMARK [1][-]{section.4.60}{\376\377\0004\000.\0006\0000\000\040\000C\000a\000t\000c\000h\000:\000:\000G\000e\000n\000e\000r\000a\000t\000o\000r\000s\000:\000:\000M\000a\000p\000G\000e\000n\000e\000r\000a\000t\000o\000r\000<\000\040\000T\000,\000\040\000U\000,\000\040\000F\000u\000n\000c\000\040\000>\000\040\000C\000l\000a\000s\000s\000\040\000T\000e\000m\000p\000l\000a\000t\000e\000\040\000R\000e\000f\000e\000r\000e\000n\000c\000e}{chapter.4}% 108
\BOOKMARK [2][-]{subsection.4.60.1}{\376\377\0004\000.\0006\0000\000.\0001\000\040\000M\000e\000m\000b\000e\000r\000\040\000F\000u\000n\000c\000t\000i\000o\000n\000\040\000D\000o\000c\000u\000m\000e\000n\000t\000a\000t\000i\000o\000n}{section.4.60}% 109
\BOOKMARK [3][-]{subsubsection.4.60.1.1}{\376\377\0004\000.\0006\0000\000.\0001\000.\0001\000\040\000g\000e\000t\000\050\000\051}{subsection.4.60.1}% 110
\BOOKMARK [3][-]{subsubsection.4.60.1.2}{\376\377\0004\000.\0006\0000\000.\0001\000.\0002\000\040\000n\000e\000x\000t\000\050\000\051}{subsection.4.60.1}% 111
\BOOKMARK [1][-]{section.4.61}{\376\377\0004\000.\0006\0001\000\040\000C\000a\000t\000c\000h\000:\000:\000M\000a\000t\000c\000h\000e\000r\000s\000:\000:\000I\000m\000p\000l\000:\000:\000M\000a\000t\000c\000h\000A\000l\000l\000O\000f\000<\000\040\000A\000r\000g\000T\000\040\000>\000\040\000S\000t\000r\000u\000c\000t\000\040\000T\000e\000m\000p\000l\000a\000t\000e\000\040\000R\000e\000f\000e\000r\000e\000n\000c\000e}{chapter.4}% 112
\BOOKMARK [2][-]{subsection.4.61.1}{\376\377\0004\000.\0006\0001\000.\0001\000\040\000M\000e\000m\000b\000e\000r\000\040\000F\000u\000n\000c\000t\000i\000o\000n\000\040\000D\000o\000c\000u\000m\000e\000n\000t\000a\000t\000i\000o\000n}{section.4.61}% 113
\BOOKMARK [3][-]{subsubsection.4.61.1.1}{\376\377\0004\000.\0006\0001\000.\0001\000.\0001\000\040\000d\000e\000s\000c\000r\000i\000b\000e\000\050\000\051}{subsection.4.61.1}% 114
\BOOKMARK [1][-]{section.4.62}{\376\377\0004\000.\0006\0002\000\040\000C\000a\000t\000c\000h\000:\000:\000M\000a\000t\000c\000h\000e\000r\000s\000:\000:\000I\000m\000p\000l\000:\000:\000M\000a\000t\000c\000h\000A\000n\000y\000O\000f\000<\000\040\000A\000r\000g\000T\000\040\000>\000\040\000S\000t\000r\000u\000c\000t\000\040\000T\000e\000m\000p\000l\000a\000t\000e\000\040\000R\000e\000f\000e\000r\000e\000n\000c\000e}{chapter.4}% 115
\BOOKMARK [2][-]{subsection.4.62.1}{\376\377\0004\000.\0006\0002\000.\0001\000\040\000M\000e\000m\000b\000e\000r\000\040\000F\000u\000n\000c\000t\000i\000o\000n\000\040\000D\000o\000c\000u\000m\000e\000n\000t\000a\000t\000i\000o\000n}{section.4.62}% 116
\BOOKMARK [3][-]{subsubsection.4.62.1.1}{\376\377\0004\000.\0006\0002\000.\0001\000.\0001\000\040\000d\000e\000s\000c\000r\000i\000b\000e\000\050\000\051}{subsection.4.62.1}% 117
\BOOKMARK [1][-]{section.4.63}{\376\377\0004\000.\0006\0003\000\040\000C\000a\000t\000c\000h\000:\000:\000M\000a\000t\000c\000h\000e\000r\000s\000:\000:\000I\000m\000p\000l\000:\000:\000M\000a\000t\000c\000h\000e\000r\000B\000a\000s\000e\000<\000\040\000T\000\040\000>\000\040\000S\000t\000r\000u\000c\000t\000\040\000T\000e\000m\000p\000l\000a\000t\000e\000\040\000R\000e\000f\000e\000r\000e\000n\000c\000e}{chapter.4}% 118
\BOOKMARK [1][-]{section.4.64}{\376\377\0004\000.\0006\0004\000\040\000C\000a\000t\000c\000h\000:\000:\000M\000a\000t\000c\000h\000e\000r\000s\000:\000:\000I\000m\000p\000l\000:\000:\000M\000a\000t\000c\000h\000e\000r\000M\000e\000t\000h\000o\000d\000<\000\040\000O\000b\000j\000e\000c\000t\000T\000\040\000>\000\040\000S\000t\000r\000u\000c\000t\000\040\000T\000e\000m\000p\000l\000a\000t\000e\000\040\000R\000e\000f\000e\000r\000e\000n\000c\000e}{chapter.4}% 119
\BOOKMARK [1][-]{section.4.65}{\376\377\0004\000.\0006\0005\000\040\000C\000a\000t\000c\000h\000:\000:\000M\000a\000t\000c\000h\000e\000r\000s\000:\000:\000I\000m\000p\000l\000:\000:\000M\000a\000t\000c\000h\000e\000r\000U\000n\000t\000y\000p\000e\000d\000B\000a\000s\000e\000\040\000C\000l\000a\000s\000s\000\040\000R\000e\000f\000e\000r\000e\000n\000c\000e}{chapter.4}% 120
\BOOKMARK [1][-]{section.4.66}{\376\377\0004\000.\0006\0006\000\040\000C\000a\000t\000c\000h\000:\000:\000M\000a\000t\000c\000h\000E\000x\000p\000r\000<\000\040\000A\000r\000g\000T\000,\000\040\000M\000a\000t\000c\000h\000e\000r\000T\000\040\000>\000\040\000C\000l\000a\000s\000s\000\040\000T\000e\000m\000p\000l\000a\000t\000e\000\040\000R\000e\000f\000e\000r\000e\000n\000c\000e}{chapter.4}% 121
\BOOKMARK [2][-]{subsection.4.66.1}{\376\377\0004\000.\0006\0006\000.\0001\000\040\000M\000e\000m\000b\000e\000r\000\040\000F\000u\000n\000c\000t\000i\000o\000n\000\040\000D\000o\000c\000u\000m\000e\000n\000t\000a\000t\000i\000o\000n}{section.4.66}% 122
\BOOKMARK [3][-]{subsubsection.4.66.1.1}{\376\377\0004\000.\0006\0006\000.\0001\000.\0001\000\040\000s\000t\000r\000e\000a\000m\000R\000e\000c\000o\000n\000s\000t\000r\000u\000c\000t\000e\000d\000E\000x\000p\000r\000e\000s\000s\000i\000o\000n\000\050\000\051}{subsection.4.66.1}% 123
\BOOKMARK [1][-]{section.4.67}{\376\377\0004\000.\0006\0007\000\040\000C\000a\000t\000c\000h\000:\000:\000M\000a\000t\000c\000h\000e\000r\000s\000:\000:\000I\000m\000p\000l\000:\000:\000M\000a\000t\000c\000h\000N\000o\000t\000O\000f\000<\000\040\000A\000r\000g\000T\000\040\000>\000\040\000S\000t\000r\000u\000c\000t\000\040\000T\000e\000m\000p\000l\000a\000t\000e\000\040\000R\000e\000f\000e\000r\000e\000n\000c\000e}{chapter.4}% 124
\BOOKMARK [2][-]{subsection.4.67.1}{\376\377\0004\000.\0006\0007\000.\0001\000\040\000M\000e\000m\000b\000e\000r\000\040\000F\000u\000n\000c\000t\000i\000o\000n\000\040\000D\000o\000c\000u\000m\000e\000n\000t\000a\000t\000i\000o\000n}{section.4.67}% 125
\BOOKMARK [3][-]{subsubsection.4.67.1.1}{\376\377\0004\000.\0006\0007\000.\0001\000.\0001\000\040\000d\000e\000s\000c\000r\000i\000b\000e\000\050\000\051}{subsection.4.67.1}% 126
\BOOKMARK [1][-]{section.4.68}{\376\377\0004\000.\0006\0008\000\040\000C\000a\000t\000c\000h\000:\000:\000M\000e\000s\000s\000a\000g\000e\000B\000u\000i\000l\000d\000e\000r\000\040\000S\000t\000r\000u\000c\000t\000\040\000R\000e\000f\000e\000r\000e\000n\000c\000e}{chapter.4}% 127
\BOOKMARK [1][-]{section.4.69}{\376\377\0004\000.\0006\0009\000\040\000C\000a\000t\000c\000h\000:\000:\000M\000e\000s\000s\000a\000g\000e\000I\000n\000f\000o\000\040\000S\000t\000r\000u\000c\000t\000\040\000R\000e\000f\000e\000r\000e\000n\000c\000e}{chapter.4}% 128
\BOOKMARK [1][-]{section.4.70}{\376\377\0004\000.\0007\0000\000\040\000C\000a\000t\000c\000h\000:\000:\000M\000e\000s\000s\000a\000g\000e\000S\000t\000r\000e\000a\000m\000\040\000S\000t\000r\000u\000c\000t\000\040\000R\000e\000f\000e\000r\000e\000n\000c\000e}{chapter.4}% 129
\BOOKMARK [1][-]{section.4.71}{\376\377\0004\000.\0007\0001\000\040\000M\000u\000l\000t\000\040\000C\000l\000a\000s\000s\000\040\000R\000e\000f\000e\000r\000e\000n\000c\000e}{chapter.4}% 130
\BOOKMARK [2][-]{subsection.4.71.1}{\376\377\0004\000.\0007\0001\000.\0001\000\040\000C\000o\000n\000s\000t\000r\000u\000c\000t\000o\000r\000\040\000\046\000\040\000D\000e\000s\000t\000r\000u\000c\000t\000o\000r\000\040\000D\000o\000c\000u\000m\000e\000n\000t\000a\000t\000i\000o\000n}{section.4.71}% 131
\BOOKMARK [3][-]{subsubsection.4.71.1.1}{\376\377\0004\000.\0007\0001\000.\0001\000.\0001\000\040\000M\000u\000l\000t\000\050\000\051}{subsection.4.71.1}% 132
\BOOKMARK [2][-]{subsection.4.71.2}{\376\377\0004\000.\0007\0001\000.\0002\000\040\000M\000e\000m\000b\000e\000r\000\040\000F\000u\000n\000c\000t\000i\000o\000n\000\040\000D\000o\000c\000u\000m\000e\000n\000t\000a\000t\000i\000o\000n}{section.4.71}% 133
\BOOKMARK [3][-]{subsubsection.4.71.2.1}{\376\377\0004\000.\0007\0001\000.\0002\000.\0001\000\040\000e\000q\000u\000a\000l\000s\000\050\000\051}{subsection.4.71.2}% 134
\BOOKMARK [3][-]{subsubsection.4.71.2.2}{\376\377\0004\000.\0007\0001\000.\0002\000.\0002\000\040\000h\000a\000s\000\137\000v\000a\000r\000i\000a\000b\000l\000e\000\050\000\051}{subsection.4.71.2}% 135
\BOOKMARK [3][-]{subsubsection.4.71.2.3}{\376\377\0004\000.\0007\0001\000.\0002\000.\0003\000\040\000i\000n\000t\000e\000r\000p\000\050\000\051}{subsection.4.71.2}% 136
\BOOKMARK [3][-]{subsubsection.4.71.2.4}{\376\377\0004\000.\0007\0001\000.\0002\000.\0004\000\040\000p\000r\000e\000t\000t\000y\000\137\000p\000r\000i\000n\000t\000\137\000a\000t\000\050\000\051}{subsection.4.71.2}% 137
\BOOKMARK [3][-]{subsubsection.4.71.2.5}{\376\377\0004\000.\0007\0001\000.\0002\000.\0005\000\040\000p\000r\000i\000n\000t\000\050\000\051}{subsection.4.71.2}% 138
\BOOKMARK [3][-]{subsubsection.4.71.2.6}{\376\377\0004\000.\0007\0001\000.\0002\000.\0006\000\040\000s\000u\000b\000s\000t\000\050\000\051}{subsection.4.71.2}% 139
\BOOKMARK [1][-]{section.4.72}{\376\377\0004\000.\0007\0002\000\040\000C\000a\000t\000c\000h\000:\000:\000N\000a\000m\000e\000A\000n\000d\000T\000a\000g\000s\000\040\000S\000t\000r\000u\000c\000t\000\040\000R\000e\000f\000e\000r\000e\000n\000c\000e}{chapter.4}% 140
\BOOKMARK [1][-]{section.4.73}{\376\377\0004\000.\0007\0003\000\040\000C\000a\000t\000c\000h\000:\000:\000N\000o\000n\000C\000o\000p\000y\000a\000b\000l\000e\000\040\000C\000l\000a\000s\000s\000\040\000R\000e\000f\000e\000r\000e\000n\000c\000e}{chapter.4}% 141
\BOOKMARK [1][-]{section.4.74}{\376\377\0004\000.\0007\0004\000\040\000N\000u\000m\000\040\000C\000l\000a\000s\000s\000\040\000R\000e\000f\000e\000r\000e\000n\000c\000e}{chapter.4}% 142
\BOOKMARK [2][-]{subsection.4.74.1}{\376\377\0004\000.\0007\0004\000.\0001\000\040\000C\000o\000n\000s\000t\000r\000u\000c\000t\000o\000r\000\040\000\046\000\040\000D\000e\000s\000t\000r\000u\000c\000t\000o\000r\000\040\000D\000o\000c\000u\000m\000e\000n\000t\000a\000t\000i\000o\000n}{section.4.74}% 143
\BOOKMARK [3][-]{subsubsection.4.74.1.1}{\376\377\0004\000.\0007\0004\000.\0001\000.\0001\000\040\000N\000u\000m\000\050\000\051}{subsection.4.74.1}% 144
\BOOKMARK [2][-]{subsection.4.74.2}{\376\377\0004\000.\0007\0004\000.\0002\000\040\000M\000e\000m\000b\000e\000r\000\040\000F\000u\000n\000c\000t\000i\000o\000n\000\040\000D\000o\000c\000u\000m\000e\000n\000t\000a\000t\000i\000o\000n}{section.4.74}% 145
\BOOKMARK [3][-]{subsubsection.4.74.2.1}{\376\377\0004\000.\0007\0004\000.\0002\000.\0001\000\040\000e\000q\000u\000a\000l\000s\000\050\000\051}{subsection.4.74.2}% 146
\BOOKMARK [3][-]{subsubsection.4.74.2.2}{\376\377\0004\000.\0007\0004\000.\0002\000.\0002\000\040\000h\000a\000s\000\137\000v\000a\000r\000i\000a\000b\000l\000e\000\050\000\051}{subsection.4.74.2}% 147
\BOOKMARK [3][-]{subsubsection.4.74.2.3}{\376\377\0004\000.\0007\0004\000.\0002\000.\0003\000\040\000i\000n\000t\000e\000r\000p\000\050\000\051}{subsection.4.74.2}% 148
\BOOKMARK [3][-]{subsubsection.4.74.2.4}{\376\377\0004\000.\0007\0004\000.\0002\000.\0004\000\040\000p\000r\000i\000n\000t\000\050\000\051}{subsection.4.74.2}% 149
\BOOKMARK [3][-]{subsubsection.4.74.2.5}{\376\377\0004\000.\0007\0004\000.\0002\000.\0005\000\040\000s\000u\000b\000s\000t\000\050\000\051}{subsection.4.74.2}% 150
\BOOKMARK [1][-]{section.4.75}{\376\377\0004\000.\0007\0005\000\040\000C\000a\000t\000c\000h\000:\000:\000O\000p\000t\000i\000o\000n\000<\000\040\000T\000\040\000>\000\040\000C\000l\000a\000s\000s\000\040\000T\000e\000m\000p\000l\000a\000t\000e\000\040\000R\000e\000f\000e\000r\000e\000n\000c\000e}{chapter.4}% 151
\BOOKMARK [1][-]{section.4.76}{\376\377\0004\000.\0007\0006\000\040\000C\000a\000t\000c\000h\000:\000:\000p\000l\000u\000r\000a\000l\000i\000s\000e\000\040\000S\000t\000r\000u\000c\000t\000\040\000R\000e\000f\000e\000r\000e\000n\000c\000e}{chapter.4}% 152
\BOOKMARK [1][-]{section.4.77}{\376\377\0004\000.\0007\0007\000\040\000C\000a\000t\000c\000h\000:\000:\000M\000a\000t\000c\000h\000e\000r\000s\000:\000:\000G\000e\000n\000e\000r\000i\000c\000:\000:\000P\000r\000e\000d\000i\000c\000a\000t\000e\000M\000a\000t\000c\000h\000e\000r\000<\000\040\000T\000\040\000>\000\040\000C\000l\000a\000s\000s\000\040\000T\000e\000m\000p\000l\000a\000t\000e\000\040\000R\000e\000f\000e\000r\000e\000n\000c\000e}{chapter.4}% 153
\BOOKMARK [2][-]{subsection.4.77.1}{\376\377\0004\000.\0007\0007\000.\0001\000\040\000M\000e\000m\000b\000e\000r\000\040\000F\000u\000n\000c\000t\000i\000o\000n\000\040\000D\000o\000c\000u\000m\000e\000n\000t\000a\000t\000i\000o\000n}{section.4.77}% 154
\BOOKMARK [3][-]{subsubsection.4.77.1.1}{\376\377\0004\000.\0007\0007\000.\0001\000.\0001\000\040\000d\000e\000s\000c\000r\000i\000b\000e\000\050\000\051}{subsection.4.77.1}% 155
\BOOKMARK [3][-]{subsubsection.4.77.1.2}{\376\377\0004\000.\0007\0007\000.\0001\000.\0002\000\040\000m\000a\000t\000c\000h\000\050\000\051}{subsection.4.77.1}% 156
\BOOKMARK [1][-]{section.4.78}{\376\377\0004\000.\0007\0008\000\040\000C\000a\000t\000c\000h\000:\000:\000G\000e\000n\000e\000r\000a\000t\000o\000r\000s\000:\000:\000R\000a\000n\000d\000o\000m\000F\000l\000o\000a\000t\000i\000n\000g\000G\000e\000n\000e\000r\000a\000t\000o\000r\000<\000\040\000F\000l\000o\000a\000t\000\040\000>\000\040\000C\000l\000a\000s\000s\000\040\000T\000e\000m\000p\000l\000a\000t\000e\000\040\000R\000e\000f\000e\000r\000e\000n\000c\000e}{chapter.4}% 157
\BOOKMARK [2][-]{subsection.4.78.1}{\376\377\0004\000.\0007\0008\000.\0001\000\040\000M\000e\000m\000b\000e\000r\000\040\000F\000u\000n\000c\000t\000i\000o\000n\000\040\000D\000o\000c\000u\000m\000e\000n\000t\000a\000t\000i\000o\000n}{section.4.78}% 158
\BOOKMARK [3][-]{subsubsection.4.78.1.1}{\376\377\0004\000.\0007\0008\000.\0001\000.\0001\000\040\000g\000e\000t\000\050\000\051}{subsection.4.78.1}% 159
\BOOKMARK [3][-]{subsubsection.4.78.1.2}{\376\377\0004\000.\0007\0008\000.\0001\000.\0002\000\040\000n\000e\000x\000t\000\050\000\051}{subsection.4.78.1}% 160
\BOOKMARK [1][-]{section.4.79}{\376\377\0004\000.\0007\0009\000\040\000C\000a\000t\000c\000h\000:\000:\000G\000e\000n\000e\000r\000a\000t\000o\000r\000s\000:\000:\000R\000a\000n\000d\000o\000m\000I\000n\000t\000e\000g\000e\000r\000G\000e\000n\000e\000r\000a\000t\000o\000r\000<\000\040\000I\000n\000t\000e\000g\000e\000r\000\040\000>\000\040\000C\000l\000a\000s\000s\000\040\000T\000e\000m\000p\000l\000a\000t\000e\000\040\000R\000e\000f\000e\000r\000e\000n\000c\000e}{chapter.4}% 161
\BOOKMARK [2][-]{subsection.4.79.1}{\376\377\0004\000.\0007\0009\000.\0001\000\040\000M\000e\000m\000b\000e\000r\000\040\000F\000u\000n\000c\000t\000i\000o\000n\000\040\000D\000o\000c\000u\000m\000e\000n\000t\000a\000t\000i\000o\000n}{section.4.79}% 162
\BOOKMARK [3][-]{subsubsection.4.79.1.1}{\376\377\0004\000.\0007\0009\000.\0001\000.\0001\000\040\000g\000e\000t\000\050\000\051}{subsection.4.79.1}% 163
\BOOKMARK [3][-]{subsubsection.4.79.1.2}{\376\377\0004\000.\0007\0009\000.\0001\000.\0002\000\040\000n\000e\000x\000t\000\050\000\051}{subsection.4.79.1}% 164
\BOOKMARK [1][-]{section.4.80}{\376\377\0004\000.\0008\0000\000\040\000C\000a\000t\000c\000h\000:\000:\000G\000e\000n\000e\000r\000a\000t\000o\000r\000s\000:\000:\000R\000a\000n\000g\000e\000G\000e\000n\000e\000r\000a\000t\000o\000r\000<\000\040\000T\000\040\000>\000\040\000C\000l\000a\000s\000s\000\040\000T\000e\000m\000p\000l\000a\000t\000e\000\040\000R\000e\000f\000e\000r\000e\000n\000c\000e}{chapter.4}% 165
\BOOKMARK [2][-]{subsection.4.80.1}{\376\377\0004\000.\0008\0000\000.\0001\000\040\000M\000e\000m\000b\000e\000r\000\040\000F\000u\000n\000c\000t\000i\000o\000n\000\040\000D\000o\000c\000u\000m\000e\000n\000t\000a\000t\000i\000o\000n}{section.4.80}% 166
\BOOKMARK [3][-]{subsubsection.4.80.1.1}{\376\377\0004\000.\0008\0000\000.\0001\000.\0001\000\040\000g\000e\000t\000\050\000\051}{subsection.4.80.1}% 167
\BOOKMARK [3][-]{subsubsection.4.80.1.2}{\376\377\0004\000.\0008\0000\000.\0001\000.\0002\000\040\000n\000e\000x\000t\000\050\000\051}{subsection.4.80.1}% 168
\BOOKMARK [1][-]{section.4.81}{\376\377\0004\000.\0008\0001\000\040\000C\000a\000t\000c\000h\000:\000:\000M\000a\000t\000c\000h\000e\000r\000s\000:\000:\000S\000t\000d\000S\000t\000r\000i\000n\000g\000:\000:\000R\000e\000g\000e\000x\000M\000a\000t\000c\000h\000e\000r\000\040\000S\000t\000r\000u\000c\000t\000\040\000R\000e\000f\000e\000r\000e\000n\000c\000e}{chapter.4}% 169
\BOOKMARK [2][-]{subsection.4.81.1}{\376\377\0004\000.\0008\0001\000.\0001\000\040\000M\000e\000m\000b\000e\000r\000\040\000F\000u\000n\000c\000t\000i\000o\000n\000\040\000D\000o\000c\000u\000m\000e\000n\000t\000a\000t\000i\000o\000n}{section.4.81}% 170
\BOOKMARK [3][-]{subsubsection.4.81.1.1}{\376\377\0004\000.\0008\0001\000.\0001\000.\0001\000\040\000d\000e\000s\000c\000r\000i\000b\000e\000\050\000\051}{subsection.4.81.1}% 171
\BOOKMARK [1][-]{section.4.82}{\376\377\0004\000.\0008\0002\000\040\000C\000a\000t\000c\000h\000:\000:\000R\000e\000g\000i\000s\000t\000r\000a\000r\000F\000o\000r\000T\000a\000g\000A\000l\000i\000a\000s\000e\000s\000\040\000S\000t\000r\000u\000c\000t\000\040\000R\000e\000f\000e\000r\000e\000n\000c\000e}{chapter.4}% 172
\BOOKMARK [1][-]{section.4.83}{\376\377\0004\000.\0008\0003\000\040\000C\000a\000t\000c\000h\000:\000:\000G\000e\000n\000e\000r\000a\000t\000o\000r\000s\000:\000:\000R\000e\000p\000e\000a\000t\000G\000e\000n\000e\000r\000a\000t\000o\000r\000<\000\040\000T\000\040\000>\000\040\000C\000l\000a\000s\000s\000\040\000T\000e\000m\000p\000l\000a\000t\000e\000\040\000R\000e\000f\000e\000r\000e\000n\000c\000e}{chapter.4}% 173
\BOOKMARK [2][-]{subsection.4.83.1}{\376\377\0004\000.\0008\0003\000.\0001\000\040\000M\000e\000m\000b\000e\000r\000\040\000F\000u\000n\000c\000t\000i\000o\000n\000\040\000D\000o\000c\000u\000m\000e\000n\000t\000a\000t\000i\000o\000n}{section.4.83}% 174
\BOOKMARK [3][-]{subsubsection.4.83.1.1}{\376\377\0004\000.\0008\0003\000.\0001\000.\0001\000\040\000g\000e\000t\000\050\000\051}{subsection.4.83.1}% 175
\BOOKMARK [3][-]{subsubsection.4.83.1.2}{\376\377\0004\000.\0008\0003\000.\0001\000.\0002\000\040\000n\000e\000x\000t\000\050\000\051}{subsection.4.83.1}% 176
\BOOKMARK [1][-]{section.4.84}{\376\377\0004\000.\0008\0004\000\040\000C\000a\000t\000c\000h\000:\000:\000R\000e\000s\000u\000l\000t\000D\000i\000s\000p\000o\000s\000i\000t\000i\000o\000n\000\040\000S\000t\000r\000u\000c\000t\000\040\000R\000e\000f\000e\000r\000e\000n\000c\000e}{chapter.4}% 177
\BOOKMARK [1][-]{section.4.85}{\376\377\0004\000.\0008\0005\000\040\000C\000a\000t\000c\000h\000:\000:\000R\000e\000s\000u\000l\000t\000W\000a\000s\000\040\000S\000t\000r\000u\000c\000t\000\040\000R\000e\000f\000e\000r\000e\000n\000c\000e}{chapter.4}% 178
\BOOKMARK [1][-]{section.4.86}{\376\377\0004\000.\0008\0006\000\040\000C\000a\000t\000c\000h\000:\000:\000R\000e\000u\000s\000a\000b\000l\000e\000S\000t\000r\000i\000n\000g\000S\000t\000r\000e\000a\000m\000\040\000C\000l\000a\000s\000s\000\040\000R\000e\000f\000e\000r\000e\000n\000c\000e}{chapter.4}% 179
\BOOKMARK [1][-]{section.4.87}{\376\377\0004\000.\0008\0007\000\040\000C\000a\000t\000c\000h\000:\000:\000R\000u\000n\000T\000e\000s\000t\000s\000\040\000S\000t\000r\000u\000c\000t\000\040\000R\000e\000f\000e\000r\000e\000n\000c\000e}{chapter.4}% 180
\BOOKMARK [1][-]{section.4.88}{\376\377\0004\000.\0008\0008\000\040\000C\000a\000t\000c\000h\000:\000:\000S\000c\000o\000p\000e\000d\000M\000e\000s\000s\000a\000g\000e\000\040\000C\000l\000a\000s\000s\000\040\000R\000e\000f\000e\000r\000e\000n\000c\000e}{chapter.4}% 181
\BOOKMARK [1][-]{section.4.89}{\376\377\0004\000.\0008\0009\000\040\000C\000a\000t\000c\000h\000:\000:\000S\000e\000c\000t\000i\000o\000n\000\040\000C\000l\000a\000s\000s\000\040\000R\000e\000f\000e\000r\000e\000n\000c\000e}{chapter.4}% 182
\BOOKMARK [1][-]{section.4.90}{\376\377\0004\000.\0009\0000\000\040\000C\000a\000t\000c\000h\000:\000:\000S\000e\000c\000t\000i\000o\000n\000E\000n\000d\000I\000n\000f\000o\000\040\000S\000t\000r\000u\000c\000t\000\040\000R\000e\000f\000e\000r\000e\000n\000c\000e}{chapter.4}% 183
\BOOKMARK [1][-]{section.4.91}{\376\377\0004\000.\0009\0001\000\040\000C\000a\000t\000c\000h\000:\000:\000S\000e\000c\000t\000i\000o\000n\000I\000n\000f\000o\000\040\000S\000t\000r\000u\000c\000t\000\040\000R\000e\000f\000e\000r\000e\000n\000c\000e}{chapter.4}% 184
\BOOKMARK [1][-]{section.4.92}{\376\377\0004\000.\0009\0002\000\040\000C\000a\000t\000c\000h\000:\000:\000S\000h\000o\000w\000D\000u\000r\000a\000t\000i\000o\000n\000s\000\040\000S\000t\000r\000u\000c\000t\000\040\000R\000e\000f\000e\000r\000e\000n\000c\000e}{chapter.4}% 185
\BOOKMARK [1][-]{section.4.93}{\376\377\0004\000.\0009\0003\000\040\000C\000a\000t\000c\000h\000:\000:\000S\000i\000m\000p\000l\000e\000P\000c\000g\0003\0002\000\040\000C\000l\000a\000s\000s\000\040\000R\000e\000f\000e\000r\000e\000n\000c\000e}{chapter.4}% 186
\BOOKMARK [1][-]{section.4.94}{\376\377\0004\000.\0009\0004\000\040\000C\000a\000t\000c\000h\000:\000:\000G\000e\000n\000e\000r\000a\000t\000o\000r\000s\000:\000:\000S\000i\000n\000g\000l\000e\000V\000a\000l\000u\000e\000G\000e\000n\000e\000r\000a\000t\000o\000r\000<\000\040\000T\000\040\000>\000\040\000C\000l\000a\000s\000s\000\040\000T\000e\000m\000p\000l\000a\000t\000e\000\040\000R\000e\000f\000e\000r\000e\000n\000c\000e}{chapter.4}% 187
\BOOKMARK [2][-]{subsection.4.94.1}{\376\377\0004\000.\0009\0004\000.\0001\000\040\000M\000e\000m\000b\000e\000r\000\040\000F\000u\000n\000c\000t\000i\000o\000n\000\040\000D\000o\000c\000u\000m\000e\000n\000t\000a\000t\000i\000o\000n}{section.4.94}% 188
\BOOKMARK [3][-]{subsubsection.4.94.1.1}{\376\377\0004\000.\0009\0004\000.\0001\000.\0001\000\040\000g\000e\000t\000\050\000\051}{subsection.4.94.1}% 189
\BOOKMARK [3][-]{subsubsection.4.94.1.2}{\376\377\0004\000.\0009\0004\000.\0001\000.\0002\000\040\000n\000e\000x\000t\000\050\000\051}{subsection.4.94.1}% 190
\BOOKMARK [1][-]{section.4.95}{\376\377\0004\000.\0009\0005\000\040\000C\000a\000t\000c\000h\000:\000:\000S\000o\000u\000r\000c\000e\000L\000i\000n\000e\000I\000n\000f\000o\000\040\000S\000t\000r\000u\000c\000t\000\040\000R\000e\000f\000e\000r\000e\000n\000c\000e}{chapter.4}% 191
\BOOKMARK [1][-]{section.4.96}{\376\377\0004\000.\0009\0006\000\040\000C\000a\000t\000c\000h\000:\000:\000M\000a\000t\000c\000h\000e\000r\000s\000:\000:\000S\000t\000d\000S\000t\000r\000i\000n\000g\000:\000:\000S\000t\000a\000r\000t\000s\000W\000i\000t\000h\000M\000a\000t\000c\000h\000e\000r\000\040\000S\000t\000r\000u\000c\000t\000\040\000R\000e\000f\000e\000r\000e\000n\000c\000e}{chapter.4}% 192
\BOOKMARK [1][-]{section.4.97}{\376\377\0004\000.\0009\0007\000\040\000C\000a\000t\000c\000h\000:\000:\000S\000t\000r\000e\000a\000m\000E\000n\000d\000S\000t\000o\000p\000\040\000S\000t\000r\000u\000c\000t\000\040\000R\000e\000f\000e\000r\000e\000n\000c\000e}{chapter.4}% 193
\BOOKMARK [1][-]{section.4.98}{\376\377\0004\000.\0009\0008\000\040\000C\000a\000t\000c\000h\000:\000:\000S\000t\000r\000i\000n\000g\000M\000a\000k\000e\000r\000<\000\040\000T\000,\000\040\000t\000y\000p\000e\000n\000a\000m\000e\000\040\000>\000\040\000S\000t\000r\000u\000c\000t\000\040\000T\000e\000m\000p\000l\000a\000t\000e\000\040\000R\000e\000f\000e\000r\000e\000n\000c\000e}{chapter.4}% 194
\BOOKMARK [1][-]{section.4.99}{\376\377\0004\000.\0009\0009\000\040\000C\000a\000t\000c\000h\000:\000:\000S\000t\000r\000i\000n\000g\000M\000a\000k\000e\000r\000<\000\040\000b\000o\000o\000l\000\040\000>\000\040\000S\000t\000r\000u\000c\000t\000\040\000R\000e\000f\000e\000r\000e\000n\000c\000e}{chapter.4}% 195
\BOOKMARK [1][-]{section.4.100}{\376\377\0004\000.\0001\0000\0000\000\040\000C\000a\000t\000c\000h\000:\000:\000S\000t\000r\000i\000n\000g\000M\000a\000k\000e\000r\000<\000\040\000C\000a\000t\000c\000h\000:\000:\000D\000e\000t\000a\000i\000l\000:\000:\000A\000p\000p\000r\000o\000x\000\040\000>\000\040\000S\000t\000r\000u\000c\000t\000\040\000R\000e\000f\000e\000r\000e\000n\000c\000e}{chapter.4}% 196
\BOOKMARK [1][-]{section.4.101}{\376\377\0004\000.\0001\0000\0001\000\040\000C\000a\000t\000c\000h\000:\000:\000S\000t\000r\000i\000n\000g\000M\000a\000k\000e\000r\000<\000\040\000c\000h\000a\000r\000\040\000*\000\040\000>\000\040\000S\000t\000r\000u\000c\000t\000\040\000R\000e\000f\000e\000r\000e\000n\000c\000e}{chapter.4}% 197
\BOOKMARK [1][-]{section.4.102}{\376\377\0004\000.\0001\0000\0002\000\040\000C\000a\000t\000c\000h\000:\000:\000S\000t\000r\000i\000n\000g\000M\000a\000k\000e\000r\000<\000\040\000c\000h\000a\000r\000\040\000>\000\040\000S\000t\000r\000u\000c\000t\000\040\000R\000e\000f\000e\000r\000e\000n\000c\000e}{chapter.4}% 198
\BOOKMARK [1][-]{section.4.103}{\376\377\0004\000.\0001\0000\0003\000\040\000C\000a\000t\000c\000h\000:\000:\000S\000t\000r\000i\000n\000g\000M\000a\000k\000e\000r\000<\000\040\000c\000h\000a\000r\000\040\000c\000o\000n\000s\000t\000\040\000*\000\040\000>\000\040\000S\000t\000r\000u\000c\000t\000\040\000R\000e\000f\000e\000r\000e\000n\000c\000e}{chapter.4}% 199
\BOOKMARK [1][-]{section.4.104}{\376\377\0004\000.\0001\0000\0004\000\040\000C\000a\000t\000c\000h\000:\000:\000S\000t\000r\000i\000n\000g\000M\000a\000k\000e\000r\000<\000\040\000c\000h\000a\000r\000[\000S\000Z\000]\000>\000\040\000S\000t\000r\000u\000c\000t\000\040\000T\000e\000m\000p\000l\000a\000t\000e\000\040\000R\000e\000f\000e\000r\000e\000n\000c\000e}{chapter.4}% 200
\BOOKMARK [1][-]{section.4.105}{\376\377\0004\000.\0001\0000\0005\000\040\000C\000a\000t\000c\000h\000:\000:\000S\000t\000r\000i\000n\000g\000M\000a\000k\000e\000r\000<\000\040\000d\000o\000u\000b\000l\000e\000\040\000>\000\040\000S\000t\000r\000u\000c\000t\000\040\000R\000e\000f\000e\000r\000e\000n\000c\000e}{chapter.4}% 201
\BOOKMARK [1][-]{section.4.106}{\376\377\0004\000.\0001\0000\0006\000\040\000C\000a\000t\000c\000h\000:\000:\000S\000t\000r\000i\000n\000g\000M\000a\000k\000e\000r\000<\000\040\000f\000l\000o\000a\000t\000\040\000>\000\040\000S\000t\000r\000u\000c\000t\000\040\000R\000e\000f\000e\000r\000e\000n\000c\000e}{chapter.4}% 202
\BOOKMARK [1][-]{section.4.107}{\376\377\0004\000.\0001\0000\0007\000\040\000C\000a\000t\000c\000h\000:\000:\000S\000t\000r\000i\000n\000g\000M\000a\000k\000e\000r\000<\000\040\000i\000n\000t\000\040\000>\000\040\000S\000t\000r\000u\000c\000t\000\040\000R\000e\000f\000e\000r\000e\000n\000c\000e}{chapter.4}% 203
\BOOKMARK [1][-]{section.4.108}{\376\377\0004\000.\0001\0000\0008\000\040\000C\000a\000t\000c\000h\000:\000:\000S\000t\000r\000i\000n\000g\000M\000a\000k\000e\000r\000<\000\040\000l\000o\000n\000g\000\040\000>\000\040\000S\000t\000r\000u\000c\000t\000\040\000R\000e\000f\000e\000r\000e\000n\000c\000e}{chapter.4}% 204
\BOOKMARK [1][-]{section.4.109}{\376\377\0004\000.\0001\0000\0009\000\040\000C\000a\000t\000c\000h\000:\000:\000S\000t\000r\000i\000n\000g\000M\000a\000k\000e\000r\000<\000\040\000l\000o\000n\000g\000\040\000l\000o\000n\000g\000\040\000>\000\040\000S\000t\000r\000u\000c\000t\000\040\000R\000e\000f\000e\000r\000e\000n\000c\000e}{chapter.4}% 205
\BOOKMARK [1][-]{section.4.110}{\376\377\0004\000.\0001\0001\0000\000\040\000C\000a\000t\000c\000h\000:\000:\000S\000t\000r\000i\000n\000g\000M\000a\000k\000e\000r\000<\000\040\000R\000\040\000C\000:\000:\000*\000\040\000>\000\040\000S\000t\000r\000u\000c\000t\000\040\000T\000e\000m\000p\000l\000a\000t\000e\000\040\000R\000e\000f\000e\000r\000e\000n\000c\000e}{chapter.4}% 206
\BOOKMARK [1][-]{section.4.111}{\376\377\0004\000.\0001\0001\0001\000\040\000C\000a\000t\000c\000h\000:\000:\000S\000t\000r\000i\000n\000g\000M\000a\000k\000e\000r\000<\000\040\000R\000,\000\040\000t\000y\000p\000e\000n\000a\000m\000e\000\040\000s\000t\000d\000:\000:\000e\000n\000a\000b\000l\000e\000\137\000i\000f\000<\000\040\000i\000s\000\137\000r\000a\000n\000g\000e\000<\000\040\000R\000\040\000>\000:\000:\000v\000a\000l\000u\000e\000\040\000\046\000\046\000!\000:\000:\000C\000a\000t\000c\000h\000:\000:\000D\000e\000t\000a\000i\000l\000:\000:\000I\000s\000S\000t\000r\000e\000a\000m\000I\000n\000s\000e\000r\000t\000a\000b\000l\000e\000<\000\040\000R\000\040\000>\000:\000:\000v\000a\000l\000u\000e\000\040\000>\000:\000:\000t\000y\000p\000e\000\040\000>\000\040\000S\000t\000r\000u\000c\000t\000\040\000T\000e\000m\000p\000l\000a\000t\000e\000\040\000R\000e\000f\000e\000r\000e\000n\000c\000e}{chapter.4}% 207
\BOOKMARK [1][-]{section.4.112}{\376\377\0004\000.\0001\0001\0002\000\040\000C\000a\000t\000c\000h\000:\000:\000S\000t\000r\000i\000n\000g\000M\000a\000k\000e\000r\000<\000\040\000s\000i\000g\000n\000e\000d\000\040\000c\000h\000a\000r\000\040\000>\000\040\000S\000t\000r\000u\000c\000t\000\040\000R\000e\000f\000e\000r\000e\000n\000c\000e}{chapter.4}% 208
\BOOKMARK [1][-]{section.4.113}{\376\377\0004\000.\0001\0001\0003\000\040\000C\000a\000t\000c\000h\000:\000:\000S\000t\000r\000i\000n\000g\000M\000a\000k\000e\000r\000<\000\040\000s\000i\000g\000n\000e\000d\000\040\000c\000h\000a\000r\000[\000S\000Z\000]\000>\000\040\000S\000t\000r\000u\000c\000t\000\040\000T\000e\000m\000p\000l\000a\000t\000e\000\040\000R\000e\000f\000e\000r\000e\000n\000c\000e}{chapter.4}% 209
\BOOKMARK [1][-]{section.4.114}{\376\377\0004\000.\0001\0001\0004\000\040\000C\000a\000t\000c\000h\000:\000:\000S\000t\000r\000i\000n\000g\000M\000a\000k\000e\000r\000<\000\040\000s\000t\000d\000:\000:\000n\000u\000l\000l\000p\000t\000r\000\137\000t\000\040\000>\000\040\000S\000t\000r\000u\000c\000t\000\040\000R\000e\000f\000e\000r\000e\000n\000c\000e}{chapter.4}% 210
\BOOKMARK [1][-]{section.4.115}{\376\377\0004\000.\0001\0001\0005\000\040\000C\000a\000t\000c\000h\000:\000:\000S\000t\000r\000i\000n\000g\000M\000a\000k\000e\000r\000<\000\040\000s\000t\000d\000:\000:\000s\000t\000r\000i\000n\000g\000\040\000>\000\040\000S\000t\000r\000u\000c\000t\000\040\000R\000e\000f\000e\000r\000e\000n\000c\000e}{chapter.4}% 211
\BOOKMARK [1][-]{section.4.116}{\376\377\0004\000.\0001\0001\0006\000\040\000C\000a\000t\000c\000h\000:\000:\000S\000t\000r\000i\000n\000g\000M\000a\000k\000e\000r\000<\000\040\000s\000t\000d\000:\000:\000w\000s\000t\000r\000i\000n\000g\000\040\000>\000\040\000S\000t\000r\000u\000c\000t\000\040\000R\000e\000f\000e\000r\000e\000n\000c\000e}{chapter.4}% 212
\BOOKMARK [1][-]{section.4.117}{\376\377\0004\000.\0001\0001\0007\000\040\000C\000a\000t\000c\000h\000:\000:\000S\000t\000r\000i\000n\000g\000M\000a\000k\000e\000r\000<\000\040\000T\000\040\000*\000\040\000>\000\040\000S\000t\000r\000u\000c\000t\000\040\000T\000e\000m\000p\000l\000a\000t\000e\000\040\000R\000e\000f\000e\000r\000e\000n\000c\000e}{chapter.4}% 213
\BOOKMARK [1][-]{section.4.118}{\376\377\0004\000.\0001\0001\0008\000\040\000C\000a\000t\000c\000h\000:\000:\000S\000t\000r\000i\000n\000g\000M\000a\000k\000e\000r\000<\000\040\000T\000[\000S\000Z\000]\000>\000\040\000S\000t\000r\000u\000c\000t\000\040\000T\000e\000m\000p\000l\000a\000t\000e\000\040\000R\000e\000f\000e\000r\000e\000n\000c\000e}{chapter.4}% 214
\BOOKMARK [1][-]{section.4.119}{\376\377\0004\000.\0001\0001\0009\000\040\000C\000a\000t\000c\000h\000:\000:\000S\000t\000r\000i\000n\000g\000M\000a\000k\000e\000r\000<\000\040\000u\000n\000s\000i\000g\000n\000e\000d\000\040\000c\000h\000a\000r\000\040\000>\000\040\000S\000t\000r\000u\000c\000t\000\040\000R\000e\000f\000e\000r\000e\000n\000c\000e}{chapter.4}% 215
\BOOKMARK [1][-]{section.4.120}{\376\377\0004\000.\0001\0002\0000\000\040\000C\000a\000t\000c\000h\000:\000:\000S\000t\000r\000i\000n\000g\000M\000a\000k\000e\000r\000<\000\040\000u\000n\000s\000i\000g\000n\000e\000d\000\040\000c\000h\000a\000r\000[\000S\000Z\000]\000>\000\040\000S\000t\000r\000u\000c\000t\000\040\000T\000e\000m\000p\000l\000a\000t\000e\000\040\000R\000e\000f\000e\000r\000e\000n\000c\000e}{chapter.4}% 216
\BOOKMARK [1][-]{section.4.121}{\376\377\0004\000.\0001\0002\0001\000\040\000C\000a\000t\000c\000h\000:\000:\000S\000t\000r\000i\000n\000g\000M\000a\000k\000e\000r\000<\000\040\000u\000n\000s\000i\000g\000n\000e\000d\000\040\000i\000n\000t\000\040\000>\000\040\000S\000t\000r\000u\000c\000t\000\040\000R\000e\000f\000e\000r\000e\000n\000c\000e}{chapter.4}% 217
\BOOKMARK [1][-]{section.4.122}{\376\377\0004\000.\0001\0002\0002\000\040\000C\000a\000t\000c\000h\000:\000:\000S\000t\000r\000i\000n\000g\000M\000a\000k\000e\000r\000<\000\040\000u\000n\000s\000i\000g\000n\000e\000d\000\040\000l\000o\000n\000g\000\040\000>\000\040\000S\000t\000r\000u\000c\000t\000\040\000R\000e\000f\000e\000r\000e\000n\000c\000e}{chapter.4}% 218
\BOOKMARK [1][-]{section.4.123}{\376\377\0004\000.\0001\0002\0003\000\040\000C\000a\000t\000c\000h\000:\000:\000S\000t\000r\000i\000n\000g\000M\000a\000k\000e\000r\000<\000\040\000u\000n\000s\000i\000g\000n\000e\000d\000\040\000l\000o\000n\000g\000\040\000l\000o\000n\000g\000\040\000>\000\040\000S\000t\000r\000u\000c\000t\000\040\000R\000e\000f\000e\000r\000e\000n\000c\000e}{chapter.4}% 219
\BOOKMARK [1][-]{section.4.124}{\376\377\0004\000.\0001\0002\0004\000\040\000C\000a\000t\000c\000h\000:\000:\000S\000t\000r\000i\000n\000g\000M\000a\000k\000e\000r\000<\000\040\000w\000c\000h\000a\000r\000\137\000t\000\040\000*\000\040\000>\000\040\000S\000t\000r\000u\000c\000t\000\040\000R\000e\000f\000e\000r\000e\000n\000c\000e}{chapter.4}% 220
\BOOKMARK [1][-]{section.4.125}{\376\377\0004\000.\0001\0002\0005\000\040\000C\000a\000t\000c\000h\000:\000:\000S\000t\000r\000i\000n\000g\000M\000a\000k\000e\000r\000<\000\040\000w\000c\000h\000a\000r\000\137\000t\000\040\000c\000o\000n\000s\000t\000\040\000*\000\040\000>\000\040\000S\000t\000r\000u\000c\000t\000\040\000R\000e\000f\000e\000r\000e\000n\000c\000e}{chapter.4}% 221
\BOOKMARK [1][-]{section.4.126}{\376\377\0004\000.\0001\0002\0006\000\040\000C\000a\000t\000c\000h\000:\000:\000M\000a\000t\000c\000h\000e\000r\000s\000:\000:\000S\000t\000d\000S\000t\000r\000i\000n\000g\000:\000:\000S\000t\000r\000i\000n\000g\000M\000a\000t\000c\000h\000e\000r\000B\000a\000s\000e\000\040\000S\000t\000r\000u\000c\000t\000\040\000R\000e\000f\000e\000r\000e\000n\000c\000e}{chapter.4}% 222
\BOOKMARK [2][-]{subsection.4.126.1}{\376\377\0004\000.\0001\0002\0006\000.\0001\000\040\000M\000e\000m\000b\000e\000r\000\040\000F\000u\000n\000c\000t\000i\000o\000n\000\040\000D\000o\000c\000u\000m\000e\000n\000t\000a\000t\000i\000o\000n}{section.4.126}% 223
\BOOKMARK [3][-]{subsubsection.4.126.1.1}{\376\377\0004\000.\0001\0002\0006\000.\0001\000.\0001\000\040\000d\000e\000s\000c\000r\000i\000b\000e\000\050\000\051}{subsection.4.126.1}% 224
\BOOKMARK [1][-]{section.4.127}{\376\377\0004\000.\0001\0002\0007\000\040\000C\000a\000t\000c\000h\000:\000:\000S\000t\000r\000i\000n\000g\000R\000e\000f\000\040\000C\000l\000a\000s\000s\000\040\000R\000e\000f\000e\000r\000e\000n\000c\000e}{chapter.4}% 225
\BOOKMARK [2][-]{subsection.4.127.1}{\376\377\0004\000.\0001\0002\0007\000.\0001\000\040\000D\000e\000t\000a\000i\000l\000e\000d\000\040\000D\000e\000s\000c\000r\000i\000p\000t\000i\000o\000n}{section.4.127}% 226
\BOOKMARK [1][-]{section.4.128}{\376\377\0004\000.\0001\0002\0008\000\040\000C\000a\000t\000c\000h\000:\000:\000G\000e\000n\000e\000r\000a\000t\000o\000r\000s\000:\000:\000T\000a\000k\000e\000G\000e\000n\000e\000r\000a\000t\000o\000r\000<\000\040\000T\000\040\000>\000\040\000C\000l\000a\000s\000s\000\040\000T\000e\000m\000p\000l\000a\000t\000e\000\040\000R\000e\000f\000e\000r\000e\000n\000c\000e}{chapter.4}% 227
\BOOKMARK [2][-]{subsection.4.128.1}{\376\377\0004\000.\0001\0002\0008\000.\0001\000\040\000M\000e\000m\000b\000e\000r\000\040\000F\000u\000n\000c\000t\000i\000o\000n\000\040\000D\000o\000c\000u\000m\000e\000n\000t\000a\000t\000i\000o\000n}{section.4.128}% 228
\BOOKMARK [3][-]{subsubsection.4.128.1.1}{\376\377\0004\000.\0001\0002\0008\000.\0001\000.\0001\000\040\000g\000e\000t\000\050\000\051}{subsection.4.128.1}% 229
\BOOKMARK [3][-]{subsubsection.4.128.1.2}{\376\377\0004\000.\0001\0002\0008\000.\0001\000.\0002\000\040\000n\000e\000x\000t\000\050\000\051}{subsection.4.128.1}% 230
\BOOKMARK [1][-]{section.4.129}{\376\377\0004\000.\0001\0002\0009\000\040\000C\000a\000t\000c\000h\000:\000:\000T\000e\000s\000t\000C\000a\000s\000e\000\040\000C\000l\000a\000s\000s\000\040\000R\000e\000f\000e\000r\000e\000n\000c\000e}{chapter.4}% 231
\BOOKMARK [1][-]{section.4.130}{\376\377\0004\000.\0001\0003\0000\000\040\000C\000a\000t\000c\000h\000:\000:\000T\000e\000s\000t\000C\000a\000s\000e\000I\000n\000f\000o\000\040\000S\000t\000r\000u\000c\000t\000\040\000R\000e\000f\000e\000r\000e\000n\000c\000e}{chapter.4}% 232
\BOOKMARK [1][-]{section.4.131}{\376\377\0004\000.\0001\0003\0001\000\040\000C\000a\000t\000c\000h\000:\000:\000T\000e\000s\000t\000F\000a\000i\000l\000u\000r\000e\000E\000x\000c\000e\000p\000t\000i\000o\000n\000\040\000S\000t\000r\000u\000c\000t\000\040\000R\000e\000f\000e\000r\000e\000n\000c\000e}{chapter.4}% 233
\BOOKMARK [1][-]{section.4.132}{\376\377\0004\000.\0001\0003\0002\000\040\000C\000a\000t\000c\000h\000:\000:\000T\000e\000s\000t\000I\000n\000v\000o\000k\000e\000r\000A\000s\000M\000e\000t\000h\000o\000d\000<\000\040\000C\000\040\000>\000\040\000C\000l\000a\000s\000s\000\040\000T\000e\000m\000p\000l\000a\000t\000e\000\040\000R\000e\000f\000e\000r\000e\000n\000c\000e}{chapter.4}% 234
\BOOKMARK [2][-]{subsection.4.132.1}{\376\377\0004\000.\0001\0003\0002\000.\0001\000\040\000M\000e\000m\000b\000e\000r\000\040\000F\000u\000n\000c\000t\000i\000o\000n\000\040\000D\000o\000c\000u\000m\000e\000n\000t\000a\000t\000i\000o\000n}{section.4.132}% 235
\BOOKMARK [3][-]{subsubsection.4.132.1.1}{\376\377\0004\000.\0001\0003\0002\000.\0001\000.\0001\000\040\000i\000n\000v\000o\000k\000e\000\050\000\051}{subsection.4.132.1}% 236
\BOOKMARK [1][-]{section.4.133}{\376\377\0004\000.\0001\0003\0003\000\040\000C\000a\000t\000c\000h\000:\000:\000T\000i\000m\000e\000r\000\040\000C\000l\000a\000s\000s\000\040\000R\000e\000f\000e\000r\000e\000n\000c\000e}{chapter.4}% 237
\BOOKMARK [1][-]{section.4.134}{\376\377\0004\000.\0001\0003\0004\000\040\000C\000a\000t\000c\000h\000:\000:\000T\000o\000t\000a\000l\000s\000\040\000S\000t\000r\000u\000c\000t\000\040\000R\000e\000f\000e\000r\000e\000n\000c\000e}{chapter.4}% 238
\BOOKMARK [1][-]{section.4.135}{\376\377\0004\000.\0001\0003\0005\000\040\000C\000a\000t\000c\000h\000:\000:\000t\000r\000u\000e\000\137\000g\000i\000v\000e\000n\000<\000\040\000t\000y\000p\000e\000n\000a\000m\000e\000\040\000>\000\040\000S\000t\000r\000u\000c\000t\000\040\000T\000e\000m\000p\000l\000a\000t\000e\000\040\000R\000e\000f\000e\000r\000e\000n\000c\000e}{chapter.4}% 239
\BOOKMARK [1][-]{section.4.136}{\376\377\0004\000.\0001\0003\0006\000\040\000C\000a\000t\000c\000h\000:\000:\000U\000n\000a\000r\000y\000E\000x\000p\000r\000<\000\040\000L\000h\000s\000T\000\040\000>\000\040\000C\000l\000a\000s\000s\000\040\000T\000e\000m\000p\000l\000a\000t\000e\000\040\000R\000e\000f\000e\000r\000e\000n\000c\000e}{chapter.4}% 240
\BOOKMARK [1][-]{section.4.137}{\376\377\0004\000.\0001\0003\0007\000\040\000C\000a\000t\000c\000h\000:\000:\000M\000a\000t\000c\000h\000e\000r\000s\000:\000:\000V\000e\000c\000t\000o\000r\000:\000:\000U\000n\000o\000r\000d\000e\000r\000e\000d\000E\000q\000u\000a\000l\000s\000M\000a\000t\000c\000h\000e\000r\000<\000\040\000T\000,\000\040\000A\000l\000l\000o\000c\000C\000o\000m\000p\000,\000\040\000A\000l\000l\000o\000c\000M\000a\000t\000c\000h\000\040\000>\000\040\000S\000t\000r\000u\000c\000t\000\040\000T\000e\000m\000p\000l\000a\000t\000e\000\040\000R\000e\000f\000e\000r\000e\000n\000c\000e}{chapter.4}% 241
\BOOKMARK [2][-]{subsection.4.137.1}{\376\377\0004\000.\0001\0003\0007\000.\0001\000\040\000M\000e\000m\000b\000e\000r\000\040\000F\000u\000n\000c\000t\000i\000o\000n\000\040\000D\000o\000c\000u\000m\000e\000n\000t\000a\000t\000i\000o\000n}{section.4.137}% 242
\BOOKMARK [3][-]{subsubsection.4.137.1.1}{\376\377\0004\000.\0001\0003\0007\000.\0001\000.\0001\000\040\000d\000e\000s\000c\000r\000i\000b\000e\000\050\000\051}{subsection.4.137.1}% 243
\BOOKMARK [1][-]{section.4.138}{\376\377\0004\000.\0001\0003\0008\000\040\000C\000a\000t\000c\000h\000:\000:\000U\000s\000e\000C\000o\000l\000o\000u\000r\000\040\000S\000t\000r\000u\000c\000t\000\040\000R\000e\000f\000e\000r\000e\000n\000c\000e}{chapter.4}% 244
\BOOKMARK [1][-]{section.4.139}{\376\377\0004\000.\0001\0003\0009\000\040\000V\000a\000r\000\040\000C\000l\000a\000s\000s\000\040\000R\000e\000f\000e\000r\000e\000n\000c\000e}{chapter.4}% 245
\BOOKMARK [2][-]{subsection.4.139.1}{\376\377\0004\000.\0001\0003\0009\000.\0001\000\040\000C\000o\000n\000s\000t\000r\000u\000c\000t\000o\000r\000\040\000\046\000\040\000D\000e\000s\000t\000r\000u\000c\000t\000o\000r\000\040\000D\000o\000c\000u\000m\000e\000n\000t\000a\000t\000i\000o\000n}{section.4.139}% 246
\BOOKMARK [3][-]{subsubsection.4.139.1.1}{\376\377\0004\000.\0001\0003\0009\000.\0001\000.\0001\000\040\000V\000a\000r\000\050\000\051}{subsection.4.139.1}% 247
\BOOKMARK [2][-]{subsection.4.139.2}{\376\377\0004\000.\0001\0003\0009\000.\0002\000\040\000M\000e\000m\000b\000e\000r\000\040\000F\000u\000n\000c\000t\000i\000o\000n\000\040\000D\000o\000c\000u\000m\000e\000n\000t\000a\000t\000i\000o\000n}{section.4.139}% 248
\BOOKMARK [3][-]{subsubsection.4.139.2.1}{\376\377\0004\000.\0001\0003\0009\000.\0002\000.\0001\000\040\000e\000q\000u\000a\000l\000s\000\050\000\051}{subsection.4.139.2}% 249
\BOOKMARK [3][-]{subsubsection.4.139.2.2}{\376\377\0004\000.\0001\0003\0009\000.\0002\000.\0002\000\040\000h\000a\000s\000\137\000v\000a\000r\000i\000a\000b\000l\000e\000\050\000\051}{subsection.4.139.2}% 250
\BOOKMARK [3][-]{subsubsection.4.139.2.3}{\376\377\0004\000.\0001\0003\0009\000.\0002\000.\0003\000\040\000i\000n\000t\000e\000r\000p\000\050\000\051}{subsection.4.139.2}% 251
\BOOKMARK [3][-]{subsubsection.4.139.2.4}{\376\377\0004\000.\0001\0003\0009\000.\0002\000.\0004\000\040\000p\000r\000i\000n\000t\000\050\000\051}{subsection.4.139.2}% 252
\BOOKMARK [3][-]{subsubsection.4.139.2.5}{\376\377\0004\000.\0001\0003\0009\000.\0002\000.\0005\000\040\000s\000u\000b\000s\000t\000\050\000\051}{subsection.4.139.2}% 253
\BOOKMARK [1][-]{section.4.140}{\376\377\0004\000.\0001\0004\0000\000\040\000C\000a\000t\000c\000h\000:\000:\000d\000e\000t\000a\000i\000l\000:\000:\000v\000o\000i\000d\000\137\000t\000y\000p\000e\000<\000.\000.\000.\000\040\000>\000\040\000S\000t\000r\000u\000c\000t\000\040\000T\000e\000m\000p\000l\000a\000t\000e\000\040\000R\000e\000f\000e\000r\000e\000n\000c\000e}{chapter.4}% 254
\BOOKMARK [1][-]{section.4.141}{\376\377\0004\000.\0001\0004\0001\000\040\000C\000a\000t\000c\000h\000:\000:\000W\000a\000i\000t\000F\000o\000r\000K\000e\000y\000p\000r\000e\000s\000s\000\040\000S\000t\000r\000u\000c\000t\000\040\000R\000e\000f\000e\000r\000e\000n\000c\000e}{chapter.4}% 255
\BOOKMARK [1][-]{section.4.142}{\376\377\0004\000.\0001\0004\0002\000\040\000C\000a\000t\000c\000h\000:\000:\000W\000a\000r\000n\000A\000b\000o\000u\000t\000\040\000S\000t\000r\000u\000c\000t\000\040\000R\000e\000f\000e\000r\000e\000n\000c\000e}{chapter.4}% 256
\BOOKMARK [1][-]{section.4.143}{\376\377\0004\000.\0001\0004\0003\000\040\000C\000a\000t\000c\000h\000:\000:\000M\000a\000t\000c\000h\000e\000r\000s\000:\000:\000F\000l\000o\000a\000t\000i\000n\000g\000:\000:\000W\000i\000t\000h\000i\000n\000A\000b\000s\000M\000a\000t\000c\000h\000e\000r\000\040\000S\000t\000r\000u\000c\000t\000\040\000R\000e\000f\000e\000r\000e\000n\000c\000e}{chapter.4}% 257
\BOOKMARK [2][-]{subsection.4.143.1}{\376\377\0004\000.\0001\0004\0003\000.\0001\000\040\000M\000e\000m\000b\000e\000r\000\040\000F\000u\000n\000c\000t\000i\000o\000n\000\040\000D\000o\000c\000u\000m\000e\000n\000t\000a\000t\000i\000o\000n}{section.4.143}% 258
\BOOKMARK [3][-]{subsubsection.4.143.1.1}{\376\377\0004\000.\0001\0004\0003\000.\0001\000.\0001\000\040\000d\000e\000s\000c\000r\000i\000b\000e\000\050\000\051}{subsection.4.143.1}% 259
\BOOKMARK [1][-]{section.4.144}{\376\377\0004\000.\0001\0004\0004\000\040\000C\000a\000t\000c\000h\000:\000:\000M\000a\000t\000c\000h\000e\000r\000s\000:\000:\000F\000l\000o\000a\000t\000i\000n\000g\000:\000:\000W\000i\000t\000h\000i\000n\000R\000e\000l\000M\000a\000t\000c\000h\000e\000r\000\040\000S\000t\000r\000u\000c\000t\000\040\000R\000e\000f\000e\000r\000e\000n\000c\000e}{chapter.4}% 260
\BOOKMARK [2][-]{subsection.4.144.1}{\376\377\0004\000.\0001\0004\0004\000.\0001\000\040\000M\000e\000m\000b\000e\000r\000\040\000F\000u\000n\000c\000t\000i\000o\000n\000\040\000D\000o\000c\000u\000m\000e\000n\000t\000a\000t\000i\000o\000n}{section.4.144}% 261
\BOOKMARK [3][-]{subsubsection.4.144.1.1}{\376\377\0004\000.\0001\0004\0004\000.\0001\000.\0001\000\040\000d\000e\000s\000c\000r\000i\000b\000e\000\050\000\051}{subsection.4.144.1}% 262
\BOOKMARK [1][-]{section.4.145}{\376\377\0004\000.\0001\0004\0005\000\040\000C\000a\000t\000c\000h\000:\000:\000M\000a\000t\000c\000h\000e\000r\000s\000:\000:\000F\000l\000o\000a\000t\000i\000n\000g\000:\000:\000W\000i\000t\000h\000i\000n\000U\000l\000p\000s\000M\000a\000t\000c\000h\000e\000r\000\040\000S\000t\000r\000u\000c\000t\000\040\000R\000e\000f\000e\000r\000e\000n\000c\000e}{chapter.4}% 263
\BOOKMARK [2][-]{subsection.4.145.1}{\376\377\0004\000.\0001\0004\0005\000.\0001\000\040\000M\000e\000m\000b\000e\000r\000\040\000F\000u\000n\000c\000t\000i\000o\000n\000\040\000D\000o\000c\000u\000m\000e\000n\000t\000a\000t\000i\000o\000n}{section.4.145}% 264
\BOOKMARK [3][-]{subsubsection.4.145.1.1}{\376\377\0004\000.\0001\0004\0005\000.\0001\000.\0001\000\040\000d\000e\000s\000c\000r\000i\000b\000e\000\050\000\051}{subsection.4.145.1}% 265
\BOOKMARK [0][-]{chapter.5}{\376\377\0005\000\040\000F\000i\000l\000e\000\040\000D\000o\000c\000u\000m\000e\000n\000t\000a\000t\000i\000o\000n}{}% 266
\BOOKMARK [1][-]{section.5.1}{\376\377\0005\000.\0001\000\040\000/\000U\000s\000e\000r\000s\000/\000l\000i\000n\000d\000s\000a\000y\000h\000a\000s\000l\000a\000m\000/\000C\000S\0006\0000\0001\0005\000/\000H\000W\0004\000/\000E\000x\000p\000r\000e\000s\000s\000i\000o\000n\000C\000l\000a\000s\000s\000e\000s\000/\000c\000a\000t\000c\000h\000.\000h}{chapter.5}% 267
\BOOKMARK [1][-]{section.5.2}{\376\377\0005\000.\0002\000\040\000/\000U\000s\000e\000r\000s\000/\000l\000i\000n\000d\000s\000a\000y\000h\000a\000s\000l\000a\000m\000/\000C\000S\0006\0000\0001\0005\000/\000H\000W\0004\000/\000E\000x\000p\000r\000e\000s\000s\000i\000o\000n\000C\000l\000a\000s\000s\000e\000s\000/\000c\000m\000d\000l\000i\000n\000e\000.\000h}{chapter.5}% 268
\BOOKMARK [1][-]{section.5.3}{\376\377\0005\000.\0003\000\040\000/\000U\000s\000e\000r\000s\000/\000l\000i\000n\000d\000s\000a\000y\000h\000a\000s\000l\000a\000m\000/\000C\000S\0006\0000\0001\0005\000/\000H\000W\0004\000/\000E\000x\000p\000r\000e\000s\000s\000i\000o\000n\000C\000l\000a\000s\000s\000e\000s\000/\000E\000x\000p\000r\000.\000c\000p\000p\000\040\000F\000i\000l\000e\000\040\000R\000e\000f\000e\000r\000e\000n\000c\000e}{chapter.5}% 269
\BOOKMARK [2][-]{subsection.5.3.1}{\376\377\0005\000.\0003\000.\0001\000\040\000D\000e\000t\000a\000i\000l\000e\000d\000\040\000D\000e\000s\000c\000r\000i\000p\000t\000i\000o\000n}{section.5.3}% 270
\BOOKMARK [1][-]{section.5.4}{\376\377\0005\000.\0004\000\040\000/\000U\000s\000e\000r\000s\000/\000l\000i\000n\000d\000s\000a\000y\000h\000a\000s\000l\000a\000m\000/\000C\000S\0006\0000\0001\0005\000/\000H\000W\0004\000/\000E\000x\000p\000r\000e\000s\000s\000i\000o\000n\000C\000l\000a\000s\000s\000e\000s\000/\000E\000x\000p\000r\000.\000h\000\040\000F\000i\000l\000e\000\040\000R\000e\000f\000e\000r\000e\000n\000c\000e}{chapter.5}% 271
\BOOKMARK [2][-]{subsection.5.4.1}{\376\377\0005\000.\0004\000.\0001\000\040\000D\000e\000t\000a\000i\000l\000e\000d\000\040\000D\000e\000s\000c\000r\000i\000p\000t\000i\000o\000n}{section.5.4}% 272
\BOOKMARK [1][-]{section.5.5}{\376\377\0005\000.\0005\000\040\000/\000U\000s\000e\000r\000s\000/\000l\000i\000n\000d\000s\000a\000y\000h\000a\000s\000l\000a\000m\000/\000C\000S\0006\0000\0001\0005\000/\000H\000W\0004\000/\000E\000x\000p\000r\000e\000s\000s\000i\000o\000n\000C\000l\000a\000s\000s\000e\000s\000/\000E\000x\000p\000r\000.\000h}{chapter.5}% 273
\BOOKMARK [1][-]{section.5.6}{\376\377\0005\000.\0006\000\040\000/\000U\000s\000e\000r\000s\000/\000l\000i\000n\000d\000s\000a\000y\000h\000a\000s\000l\000a\000m\000/\000C\000S\0006\0000\0001\0005\000/\000H\000W\0004\000/\000E\000x\000p\000r\000e\000s\000s\000i\000o\000n\000C\000l\000a\000s\000s\000e\000s\000/\000E\000x\000p\000r\000T\000e\000s\000t\000s\000.\000c\000p\000p\000\040\000F\000i\000l\000e\000\040\000R\000e\000f\000e\000r\000e\000n\000c\000e}{chapter.5}% 274
\BOOKMARK [2][-]{subsection.5.6.1}{\376\377\0005\000.\0006\000.\0001\000\040\000D\000e\000t\000a\000i\000l\000e\000d\000\040\000D\000e\000s\000c\000r\000i\000p\000t\000i\000o\000n}{section.5.6}% 275
\BOOKMARK [1][-]{section.5.7}{\376\377\0005\000.\0007\000\040\000/\000U\000s\000e\000r\000s\000/\000l\000i\000n\000d\000s\000a\000y\000h\000a\000s\000l\000a\000m\000/\000C\000S\0006\0000\0001\0005\000/\000H\000W\0004\000/\000E\000x\000p\000r\000e\000s\000s\000i\000o\000n\000C\000l\000a\000s\000s\000e\000s\000/\000E\000x\000p\000r\000T\000e\000s\000t\000s\000.\000h}{chapter.5}% 276
\BOOKMARK [1][-]{section.5.8}{\376\377\0005\000.\0008\000\040\000/\000U\000s\000e\000r\000s\000/\000l\000i\000n\000d\000s\000a\000y\000h\000a\000s\000l\000a\000m\000/\000C\000S\0006\0000\0001\0005\000/\000H\000W\0004\000/\000E\000x\000p\000r\000e\000s\000s\000i\000o\000n\000C\000l\000a\000s\000s\000e\000s\000/\000m\000a\000i\000n\000.\000c\000p\000p\000\040\000F\000i\000l\000e\000\040\000R\000e\000f\000e\000r\000e\000n\000c\000e}{chapter.5}% 277
\BOOKMARK [2][-]{subsection.5.8.1}{\376\377\0005\000.\0008\000.\0001\000\040\000D\000e\000t\000a\000i\000l\000e\000d\000\040\000D\000e\000s\000c\000r\000i\000p\000t\000i\000o\000n}{section.5.8}% 278
